Log file open, 06/20/19 12:01:23
LogWindows: Failed to load 'aqProf.dll' (GetLastError=126)
LogWindows: File 'aqProf.dll' does not exist
LogWindows: Failed to load 'VtuneApi.dll' (GetLastError=126)
LogWindows: File 'VtuneApi.dll' does not exist
LogWindows: Failed to load 'VtuneApi32e.dll' (GetLastError=126)
LogWindows: File 'VtuneApi32e.dll' does not exist
LogConsoleResponse: Display: Failed to find resolution value strings in scalability ini. Falling back to default.
LogInit: Display: Running engine for game: SurvivalGame
LogPakFile: Registered encryption key '00000000000000000000000000000000': 0 pak files mounted, 0 remain pending
LogPlatformFile: Not using cached read wrapper
LogTaskGraph: Started task graph with 5 named threads and 71 total threads with 3 sets of task threads.
LogStats: Stats thread started at 0.827864
LogD3D11RHI: Loaded GFSDK_Aftermath_Lib.x64.dll
LogICUInternationalization: ICU TimeZone Detection - Raw Offset: -8:00, Platform Override: ''
LogPluginManager: Mounting plugin Paper2D
LogPluginManager: Mounting plugin AISupport
LogPluginManager: Mounting plugin LightPropagationVolume
LogPluginManager: Mounting plugin ActorLayerUtilities
LogPluginManager: Mounting plugin AnimationSharing
LogPluginManager: Mounting plugin CLionSourceCodeAccess
LogPluginManager: Mounting plugin CodeLiteSourceCodeAccess
LogPluginManager: Mounting plugin GitSourceControl
LogPluginManager: Mounting plugin KDevelopSourceCodeAccess
LogPluginManager: Mounting plugin NullSourceCodeAccess
LogPluginManager: Mounting plugin PerforceSourceControl
LogPluginManager: Mounting plugin SubversionSourceControl
LogPluginManager: Mounting plugin UObjectPlugin
LogPluginManager: Mounting plugin VisualStudioCodeSourceCodeAccess
LogPluginManager: Mounting plugin VisualStudioSourceCodeAccess
LogPluginManager: Mounting plugin XCodeSourceCodeAccess
LogPluginManager: Mounting plugin AssetManagerEditor
LogPluginManager: Mounting plugin CryptoKeys
LogPluginManager: Mounting plugin DataValidation
LogPluginManager: Mounting plugin FacialAnimation
LogPluginManager: Mounting plugin GameplayTagsEditor
LogPluginManager: Mounting plugin MacGraphicsSwitching
LogPluginManager: Mounting plugin MaterialAnalyzer
LogPluginManager: Mounting plugin MobileLauncherProfileWizard
LogPluginManager: Mounting plugin PluginBrowser
LogPluginManager: Mounting plugin SpeedTreeImporter
LogPluginManager: Mounting plugin DatasmithContent
LogPluginManager: Mounting plugin VariantManagerContent
LogPluginManager: Mounting plugin AlembicImporter
LogPluginManager: Mounting plugin AppleImageUtils
LogPluginManager: Mounting plugin AppleVision
LogPluginManager: Mounting plugin BackChannel
LogPluginManager: Mounting plugin CharacterAI
LogPluginManager: Mounting plugin GeometryCache
LogPluginManager: Mounting plugin HTML5Networking
LogPluginManager: Mounting plugin ProxyLODPlugin
LogPluginManager: Mounting plugin SkeletalReduction
LogPluginManager: Mounting plugin MagicLeap
LogPluginManager: Mounting plugin MagicLeapMedia
LogPluginManager: Mounting plugin AndroidMedia
LogPluginManager: Mounting plugin AvfMedia
LogPluginManager: Mounting plugin ImgMedia
LogPluginManager: Mounting plugin LinearTimecode
LogPluginManager: Mounting plugin MediaCompositing
LogPluginManager: Mounting plugin MediaPlayerEditor
LogPluginManager: Mounting plugin WebMMedia
LogPluginManager: Mounting plugin WmfMedia
LogPluginManager: Mounting plugin TcpMessaging
LogPluginManager: Mounting plugin UdpMessaging
LogPluginManager: Mounting plugin ActorSequence
LogPluginManager: Mounting plugin LevelSequenceEditor
LogPluginManager: Mounting plugin MatineeToLevelSequence
LogPluginManager: Mounting plugin NetcodeUnitTest
LogPluginManager: Mounting plugin NUTUnrealEngine4
LogPluginManager: Mounting plugin OnlineSubsystemGooglePlay
LogPluginManager: Mounting plugin OnlineSubsystemIOS
LogPluginManager: Mounting plugin OnlineSubsystem
LogPluginManager: Mounting plugin OnlineSubsystemNull
LogPluginManager: Mounting plugin OnlineSubsystemUtils
LogPluginManager: Mounting plugin LauncherChunkInstaller
LogPluginManager: Mounting plugin AndroidDeviceProfileSelector
LogPluginManager: Mounting plugin AndroidMoviePlayer
LogPluginManager: Mounting plugin AndroidPermission
LogPluginManager: Mounting plugin AppleMoviePlayer
LogPluginManager: Mounting plugin ArchVisCharacter
LogPluginManager: Mounting plugin AudioCapture
LogPluginManager: Mounting plugin CableComponent
LogPluginManager: Mounting plugin CustomMeshComponent
LogPluginManager: Mounting plugin EditableMesh
LogPluginManager: Mounting plugin ExampleDeviceProfileSelector
LogPluginManager: Mounting plugin Firebase
LogPluginManager: Mounting plugin GoogleCloudMessaging
LogPluginManager: Mounting plugin IOSDeviceProfileSelector
LogPluginManager: Mounting plugin LinuxDeviceProfileSelector
LogPluginManager: Mounting plugin LocationServicesBPLibrary
LogPluginManager: Mounting plugin MobilePatchingUtils
LogPluginManager: Mounting plugin OculusVR
LogPluginManager: Mounting plugin PhysXVehicles
LogPluginManager: Mounting plugin ProceduralMeshComponent
LogPluginManager: Mounting plugin RuntimePhysXCooking
LogPluginManager: Mounting plugin SignificanceManager
LogPluginManager: Mounting plugin SteamVR
LogPluginManager: Mounting plugin WebMMoviePlayer
LogPluginManager: Mounting plugin WindowsMoviePlayer
LogInit: Using libcurl 7.55.1-DEV
LogInit:  - built for x86_64-pc-win32
LogInit:  - supports SSL with OpenSSL/1.1.1
LogInit:  - supports HTTP deflate (compression) using libz 1.2.8
LogInit:  - other features:
LogInit:      CURL_VERSION_SSL
LogInit:      CURL_VERSION_LIBZ
LogInit:      CURL_VERSION_IPV6
LogInit:      CURL_VERSION_ASYNCHDNS
LogInit:      CURL_VERSION_LARGEFILE
LogInit:      CURL_VERSION_IDN
LogInit:  CurlRequestOptions (configurable via config and command line):
LogInit:  - bVerifyPeer = true  - Libcurl will verify peer certificate
LogInit:  - bUseHttpProxy = false  - Libcurl will NOT use HTTP proxy
LogInit:  - bDontReuseConnections = false  - Libcurl will reuse connections
LogInit:  - MaxHostConnections = 16  - Libcurl will limit the number of connections to a host
LogInit:  - LocalHostAddr = Default
LogInit:  - BufferSize = 65536
LogInit: WinSock: version 1.1 (2.2), MaxSocks=32767, MaxUdp=65467
LogInit: Build: ++UE4+Release-4.22-CL-7053642
LogInit: Engine Version: 4.22.3-7053642+++UE4+Release-4.22
LogInit: Compatible Engine Version: 4.22.0-5660361+++UE4+Release-4.22
LogInit: Net CL: 5660361
LogInit: OS: Windows 10 (Release 1709) (), CPU: Intel(R) Xeon(R) CPU E5-2687W v4 @ 3.00GHz, GPU: NVIDIA GeForce GTX 1070
LogInit: Compiled (64-bit): Jun 18 2019 03:09:11
LogInit: Compiled with Visual C++: 19.16.27025.01
LogInit: Build Configuration: Development
LogInit: Branch Name: ++UE4+Release-4.22
LogInit: Command Line:  -EpicPortal -epicusername="David Mann" -epicuserid=b424d19512074a68804b593129c16319 -epiclocale=en-US
LogInit: Base Directory: C:/Program Files/Epic Games/UE_4.22/Engine/Binaries/Win64/
LogInit: Installed Engine Build: 1
LogDevObjectVersion: Number of dev versions registered: 23
LogDevObjectVersion:   Dev-Blueprints (B0D832E4-1F89-4F0D-ACCF-7EB736FD4AA2): 10
LogDevObjectVersion:   Dev-Build (E1C64328-A22C-4D53-A36C-8E866417BD8C): 0
LogDevObjectVersion:   Dev-Core (375EC13C-06E4-48FB-B500-84F0262A717E): 3
LogDevObjectVersion:   Dev-Editor (E4B068ED-F494-42E9-A231-DA0B2E46BB41): 30
LogDevObjectVersion:   Dev-Framework (CFFC743F-43B0-4480-9391-14DF171D2073): 35
LogDevObjectVersion:   Dev-Mobile (B02B49B5-BB20-44E9-A304-32B752E40360): 2
LogDevObjectVersion:   Dev-Networking (A4E4105C-59A1-49B5-A7C5-40C4547EDFEE): 0
LogDevObjectVersion:   Dev-Online (39C831C9-5AE6-47DC-9A44-9C173E1C8E7C): 0
LogDevObjectVersion:   Dev-Physics (78F01B33-EBEA-4F98-B9B4-84EACCB95AA2): 0
LogDevObjectVersion:   Dev-Platform (6631380F-2D4D-43E0-8009-CF276956A95A): 0
LogDevObjectVersion:   Dev-Rendering (12F88B9F-8875-4AFC-A67C-D90C383ABD29): 28
LogDevObjectVersion:   Dev-Sequencer (7B5AE74C-D270-4C10-A958-57980B212A5A): 11
LogDevObjectVersion:   Dev-VR (D7296918-1DD6-4BDD-9DE2-64A83CC13884): 2
LogDevObjectVersion:   Dev-LoadTimes (C2A15278-BFE7-4AFE-6C17-90FF531DF755): 1
LogDevObjectVersion:   Private-Geometry (6EACA3D4-40EC-4CC1-B786-8BED09428FC5): 3
LogDevObjectVersion:   Dev-AnimPhys (29E575DD-E0A3-4627-9D10-D276232CDCEA): 17
LogDevObjectVersion:   Dev-Anim (AF43A65D-7FD3-4947-9873-3E8ED9C1BB05): 2
LogDevObjectVersion:   Dev-ReflectionCapture (6B266CEC-1EC7-4B8F-A30B-E4D90942FC07): 1
LogDevObjectVersion:   Dev-Automation (0DF73D61-A23F-47EA-B727-89E90C41499A): 1
LogDevObjectVersion:   FortniteMain (601D1886-AC64-4F84-AA16-D3DE0DEAC7D6): 25
LogDevObjectVersion:   Dev-Enterprise (9DFFBCD6-494F-0158-E221-12823C92A888): 6
LogDevObjectVersion:   Dev-Niagara (F2AED0AC-9AFE-416F-8664-AA7FFA26D6FC): 1
LogDevObjectVersion:   Dev-Destruction (174F1F0B-B4C6-45A5-B13F-2EE8D0FB917D): 2
LogInit: Presizing for max 16777216 objects, including 0 objects not considered by GC, pre-allocating 0 bytes for permanent pool.
LogInit: Object subsystem initialized
LogConfig: Setting CVar [[con.DebugEarlyDefault:1]]
LogConfig: Setting CVar [[r.setres:1280x720]]
[2019.06.20-19.01.24:494][  0]LogConfig: Setting CVar [[r.VSync:0]]
[2019.06.20-19.01.24:494][  0]LogConfig: Setting CVar [[r.RHICmdBypass:0]]
[2019.06.20-19.01.24:494][  0]LogConfig: Applying CVar settings from Section [/Script/Engine.RendererSettings] File [C:/Users/dmann/Documents/UE4-SurvivalGame/SurvivalGame/Saved/Config/Windows/Engine.ini]
[2019.06.20-19.01.24:494][  0]LogConfig: Setting CVar [[r.GPUCrashDebugging:0]]
[2019.06.20-19.01.24:494][  0]LogConfig: Applying CVar settings from Section [/Script/Engine.RendererOverrideSettings] File [C:/Users/dmann/Documents/UE4-SurvivalGame/SurvivalGame/Saved/Config/Windows/Engine.ini]
[2019.06.20-19.01.24:494][  0]LogConfig: Applying CVar settings from Section [/Script/Engine.StreamingSettings] File [C:/Users/dmann/Documents/UE4-SurvivalGame/SurvivalGame/Saved/Config/Windows/Engine.ini]
[2019.06.20-19.01.24:494][  0]LogConfig: Setting CVar [[s.MinBulkDataSizeForAsyncLoading:131072]]
[2019.06.20-19.01.24:494][  0]LogConfig: Setting CVar [[s.AsyncLoadingThreadEnabled:0]]
[2019.06.20-19.01.24:494][  0]LogConfig: Setting CVar [[s.EventDrivenLoaderEnabled:1]]
[2019.06.20-19.01.24:494][  0]LogConfig: Setting CVar [[s.WarnIfTimeLimitExceeded:0]]
[2019.06.20-19.01.24:494][  0]LogConfig: Setting CVar [[s.TimeLimitExceededMultiplier:1.5]]
[2019.06.20-19.01.24:494][  0]LogConfig: Setting CVar [[s.TimeLimitExceededMinTime:0.005]]
[2019.06.20-19.01.24:494][  0]LogConfig: Setting CVar [[s.UseBackgroundLevelStreaming:1]]
[2019.06.20-19.01.24:494][  0]LogConfig: Setting CVar [[s.PriorityAsyncLoadingExtraTime:15.0]]
[2019.06.20-19.01.24:494][  0]LogConfig: Setting CVar [[s.LevelStreamingActorsUpdateTimeLimit:5.0]]
[2019.06.20-19.01.24:494][  0]LogConfig: Setting CVar [[s.PriorityLevelStreamingActorsUpdateExtraTime:5.0]]
[2019.06.20-19.01.24:494][  0]LogConfig: Setting CVar [[s.LevelStreamingComponentsRegistrationGranularity:10]]
[2019.06.20-19.01.24:494][  0]LogConfig: Setting CVar [[s.UnregisterComponentsTimeLimit:1.0]]
[2019.06.20-19.01.24:494][  0]LogConfig: Setting CVar [[s.LevelStreamingComponentsUnregistrationGranularity:5]]
[2019.06.20-19.01.24:494][  0]LogConfig: Applying CVar settings from Section [/Script/Engine.GarbageCollectionSettings] File [C:/Users/dmann/Documents/UE4-SurvivalGame/SurvivalGame/Saved/Config/Windows/Engine.ini]
[2019.06.20-19.01.24:494][  0]LogConfig: Setting CVar [[gc.MaxObjectsNotConsideredByGC:1]]
[2019.06.20-19.01.24:494][  0]LogConfig: Setting CVar [[gc.SizeOfPermanentObjectPool:0]]
[2019.06.20-19.01.24:494][  0]LogConfig: Setting CVar [[gc.FlushStreamingOnGC:0]]
[2019.06.20-19.01.24:494][  0]LogConfig: Setting CVar [[gc.NumRetriesBeforeForcingGC:10]]
[2019.06.20-19.01.24:494][  0]LogConfig: Setting CVar [[gc.AllowParallelGC:1]]
[2019.06.20-19.01.24:494][  0]LogConfig: Setting CVar [[gc.TimeBetweenPurgingPendingKillObjects:61.1]]
[2019.06.20-19.01.24:494][  0]LogConfig: Setting CVar [[gc.MaxObjectsInEditor:16777216]]
[2019.06.20-19.01.24:494][  0]LogConfig: Setting CVar [[gc.IncrementalBeginDestroyEnabled:1]]
[2019.06.20-19.01.24:494][  0]LogConfig: Setting CVar [[gc.CreateGCClusters:1]]
[2019.06.20-19.01.24:494][  0]LogConfig: Setting CVar [[gc.MinGCClusterSize:5]]
[2019.06.20-19.01.24:494][  0]LogConfig: Setting CVar [[gc.ActorClusteringEnabled:0]]
[2019.06.20-19.01.24:494][  0]LogConfig: Setting CVar [[gc.BlueprintClusteringEnabled:0]]
[2019.06.20-19.01.24:494][  0]LogConfig: Setting CVar [[gc.UseDisregardForGCOnDedicatedServers:0]]
[2019.06.20-19.01.24:494][  0]LogConfig: Applying CVar settings from Section [/Script/Engine.NetworkSettings] File [C:/Users/dmann/Documents/UE4-SurvivalGame/SurvivalGame/Saved/Config/Windows/Engine.ini]
[2019.06.20-19.01.24:494][  0]LogConfig: Applying CVar settings from Section [/Script/UnrealEd.CookerSettings] File [C:/Users/dmann/Documents/UE4-SurvivalGame/SurvivalGame/Saved/Config/Windows/Engine.ini]
[2019.06.20-19.01.24:503][  0]LogConfig: Applying CVar settings from Section [ViewDistanceQuality@3] File [C:/Users/dmann/Documents/UE4-SurvivalGame/SurvivalGame/Saved/Config/Windows/Scalability.ini]
[2019.06.20-19.01.24:503][  0]LogConfig: Setting CVar [[r.SkeletalMeshLODBias:0]]
[2019.06.20-19.01.24:503][  0]LogConfig: Setting CVar [[r.ViewDistanceScale:1.0]]
[2019.06.20-19.01.24:503][  0]LogConfig: Applying CVar settings from Section [AntiAliasingQuality@3] File [C:/Users/dmann/Documents/UE4-SurvivalGame/SurvivalGame/Saved/Config/Windows/Scalability.ini]
[2019.06.20-19.01.24:503][  0]LogConfig: Setting CVar [[r.PostProcessAAQuality:4]]
[2019.06.20-19.01.24:503][  0]LogConfig: Applying CVar settings from Section [ShadowQuality@3] File [C:/Users/dmann/Documents/UE4-SurvivalGame/SurvivalGame/Saved/Config/Windows/Scalability.ini]
[2019.06.20-19.01.24:503][  0]LogConfig: Setting CVar [[r.LightFunctionQuality:1]]
[2019.06.20-19.01.24:503][  0]LogConfig: Setting CVar [[r.ShadowQuality:5]]
[2019.06.20-19.01.24:503][  0]LogConfig: Setting CVar [[r.Shadow.CSM.MaxCascades:10]]
[2019.06.20-19.01.24:503][  0]LogConfig: Setting CVar [[r.Shadow.MaxResolution:2048]]
[2019.06.20-19.01.24:503][  0]LogConfig: Setting CVar [[r.Shadow.MaxCSMResolution:2048]]
[2019.06.20-19.01.24:503][  0]LogConfig: Setting CVar [[r.Shadow.RadiusThreshold:0.01]]
[2019.06.20-19.01.24:503][  0]LogConfig: Setting CVar [[r.Shadow.DistanceScale:1.0]]
[2019.06.20-19.01.24:503][  0]LogConfig: Setting CVar [[r.Shadow.CSM.TransitionScale:1.0]]
[2019.06.20-19.01.24:503][  0]LogConfig: Setting CVar [[r.Shadow.PreShadowResolutionFactor:1.0]]
[2019.06.20-19.01.24:503][  0]LogConfig: Setting CVar [[r.DistanceFieldShadowing:1]]
[2019.06.20-19.01.24:503][  0]LogConfig: Setting CVar [[r.DistanceFieldAO:1]]
[2019.06.20-19.01.24:503][  0]LogConfig: Setting CVar [[r.AOQuality:2]]
[2019.06.20-19.01.24:503][  0]LogConfig: Setting CVar [[r.VolumetricFog:1]]
[2019.06.20-19.01.24:503][  0]LogConfig: Setting CVar [[r.VolumetricFog.GridPixelSize:8]]
[2019.06.20-19.01.24:503][  0]LogConfig: Setting CVar [[r.VolumetricFog.GridSizeZ:128]]
[2019.06.20-19.01.24:503][  0]LogConfig: Setting CVar [[r.VolumetricFog.HistoryMissSupersampleCount:4]]
[2019.06.20-19.01.24:503][  0]LogConfig: Setting CVar [[r.LightMaxDrawDistanceScale:1]]
[2019.06.20-19.01.24:503][  0]LogConfig: Setting CVar [[r.CapsuleShadows:1]]
[2019.06.20-19.01.24:503][  0]LogConfig: Applying CVar settings from Section [PostProcessQuality@3] File [C:/Users/dmann/Documents/UE4-SurvivalGame/SurvivalGame/Saved/Config/Windows/Scalability.ini]
[2019.06.20-19.01.24:503][  0]LogConfig: Setting CVar [[r.MotionBlurQuality:4]]
[2019.06.20-19.01.24:503][  0]LogConfig: Setting CVar [[r.AmbientOcclusionMipLevelFactor:0.4]]
[2019.06.20-19.01.24:503][  0]LogConfig: Setting CVar [[r.AmbientOcclusionMaxQuality:100]]
[2019.06.20-19.01.24:503][  0]LogConfig: Setting CVar [[r.AmbientOcclusionLevels:-1]]
[2019.06.20-19.01.24:503][  0]LogConfig: Setting CVar [[r.AmbientOcclusionRadiusScale:1.0]]
[2019.06.20-19.01.24:503][  0]LogConfig: Setting CVar [[r.DepthOfFieldQuality:2]]
[2019.06.20-19.01.24:503][  0]LogConfig: Setting CVar [[r.RenderTargetPoolMin:400]]
[2019.06.20-19.01.24:503][  0]LogConfig: Setting CVar [[r.LensFlareQuality:2]]
[2019.06.20-19.01.24:503][  0]LogConfig: Setting CVar [[r.SceneColorFringeQuality:1]]
[2019.06.20-19.01.24:503][  0]LogConfig: Setting CVar [[r.EyeAdaptationQuality:2]]
[2019.06.20-19.01.24:503][  0]LogConfig: Setting CVar [[r.BloomQuality:5]]
[2019.06.20-19.01.24:503][  0]LogConfig: Setting CVar [[r.FastBlurThreshold:100]]
[2019.06.20-19.01.24:503][  0]LogConfig: Setting CVar [[r.Upscale.Quality:3]]
[2019.06.20-19.01.24:503][  0]LogConfig: Setting CVar [[r.Tonemapper.GrainQuantization:1]]
[2019.06.20-19.01.24:503][  0]LogConfig: Setting CVar [[r.LightShaftQuality:1]]
[2019.06.20-19.01.24:503][  0]LogConfig: Setting CVar [[r.Filter.SizeScale:1]]
[2019.06.20-19.01.24:503][  0]LogConfig: Setting CVar [[r.Tonemapper.Quality:5]]
[2019.06.20-19.01.24:503][  0]LogConfig: Setting CVar [[r.DOF.Gather.AccumulatorQuality:1        ; higher gathering accumulator quality]]
[2019.06.20-19.01.24:503][  0]LogConfig: Setting CVar [[r.DOF.Gather.PostfilterMethod:1          ; Median3x3 postfilering method]]
[2019.06.20-19.01.24:503][  0]LogConfig: Setting CVar [[r.DOF.Gather.EnableBokehSettings:0       ; no bokeh simulation when gathering]]
[2019.06.20-19.01.24:503][  0]LogConfig: Setting CVar [[r.DOF.Gather.RingCount:4                 ; medium number of samples when gathering]]
[2019.06.20-19.01.24:503][  0]LogConfig: Setting CVar [[r.DOF.Scatter.ForegroundCompositing:1    ; additive foreground scattering]]
[2019.06.20-19.01.24:503][  0]LogConfig: Setting CVar [[r.DOF.Scatter.BackgroundCompositing:2    ; additive background scattering]]
[2019.06.20-19.01.24:504][  0]LogConfig: Setting CVar [[r.DOF.Scatter.EnableBokehSettings:1      ; bokeh simulation when scattering]]
[2019.06.20-19.01.24:504][  0]LogConfig: Setting CVar [[r.DOF.Scatter.MaxSpriteRatio:0.1         ; only a maximum of 10% of scattered bokeh]]
[2019.06.20-19.01.24:504][  0]LogConfig: Setting CVar [[r.DOF.Recombine.Quality:1                ; cheap slight out of focus]]
[2019.06.20-19.01.24:504][  0]LogConfig: Setting CVar [[r.DOF.Recombine.EnableBokehSettings:0    ; no bokeh simulation on slight out of focus]]
[2019.06.20-19.01.24:504][  0]LogConfig: Setting CVar [[r.DOF.TemporalAAQuality:1                ; more stable temporal accumulation]]
[2019.06.20-19.01.24:504][  0]LogConfig: Setting CVar [[r.DOF.Kernel.MaxForegroundRadius:0.025]]
[2019.06.20-19.01.24:504][  0]LogConfig: Setting CVar [[r.DOF.Kernel.MaxBackgroundRadius:0.025]]
[2019.06.20-19.01.24:504][  0]LogConfig: Applying CVar settings from Section [TextureQuality@3] File [C:/Users/dmann/Documents/UE4-SurvivalGame/SurvivalGame/Saved/Config/Windows/Scalability.ini]
[2019.06.20-19.01.24:504][  0]LogConfig: Setting CVar [[r.Streaming.MipBias:0]]
[2019.06.20-19.01.24:504][  0]LogConfig: Setting CVar [[r.Streaming.AmortizeCPUToGPUCopy:0]]
[2019.06.20-19.01.24:504][  0]LogConfig: Setting CVar [[r.Streaming.MaxNumTexturesToStreamPerFrame:0]]
[2019.06.20-19.01.24:504][  0]LogConfig: Setting CVar [[r.Streaming.Boost:1]]
[2019.06.20-19.01.24:504][  0]LogConfig: Setting CVar [[r.MaxAnisotropy:8]]
[2019.06.20-19.01.24:504][  0]LogConfig: Setting CVar [[r.Streaming.LimitPoolSizeToVRAM:0]]
[2019.06.20-19.01.24:504][  0]LogConfig: Setting CVar [[r.Streaming.PoolSize:1000]]
[2019.06.20-19.01.24:504][  0]LogConfig: Setting CVar [[r.Streaming.MaxEffectiveScreenSize:0]]
[2019.06.20-19.01.24:504][  0]LogConfig: Applying CVar settings from Section [EffectsQuality@3] File [C:/Users/dmann/Documents/UE4-SurvivalGame/SurvivalGame/Saved/Config/Windows/Scalability.ini]
[2019.06.20-19.01.24:504][  0]LogConfig: Setting CVar [[r.TranslucencyLightingVolumeDim:64]]
[2019.06.20-19.01.24:504][  0]LogConfig: Setting CVar [[r.RefractionQuality:2]]
[2019.06.20-19.01.24:504][  0]LogConfig: Setting CVar [[r.SSR.Quality:3]]
[2019.06.20-19.01.24:504][  0]LogConfig: Setting CVar [[r.SceneColorFormat:4]]
[2019.06.20-19.01.24:504][  0]LogConfig: Setting CVar [[r.DetailMode:2]]
[2019.06.20-19.01.24:504][  0]LogConfig: Setting CVar [[r.TranslucencyVolumeBlur:1]]
[2019.06.20-19.01.24:504][  0]LogConfig: Setting CVar [[r.MaterialQualityLevel:1 ; High quality]]
[2019.06.20-19.01.24:504][  0]LogConfig: Setting CVar [[r.SSS.Scale:1]]
[2019.06.20-19.01.24:504][  0]LogConfig: Setting CVar [[r.SSS.SampleSet:2]]
[2019.06.20-19.01.24:504][  0]LogConfig: Setting CVar [[r.SSS.Quality:1]]
[2019.06.20-19.01.24:504][  0]LogConfig: Setting CVar [[r.SSS.HalfRes:1]]
[2019.06.20-19.01.24:504][  0]LogConfig: Setting CVar [[r.EmitterSpawnRateScale:1.0]]
[2019.06.20-19.01.24:504][  0]LogConfig: Setting CVar [[r.ParticleLightQuality:2]]
[2019.06.20-19.01.24:504][  0]LogConfig: Applying CVar settings from Section [FoliageQuality@3] File [C:/Users/dmann/Documents/UE4-SurvivalGame/SurvivalGame/Saved/Config/Windows/Scalability.ini]
[2019.06.20-19.01.24:504][  0]LogConfig: Setting CVar [[foliage.DensityScale:1.0]]
[2019.06.20-19.01.24:504][  0]LogConfig: Setting CVar [[grass.DensityScale:1.0]]
[2019.06.20-19.01.24:504][  0]LogInit: Selected Device Profile: [Windows]
[2019.06.20-19.01.24:504][  0]LogInit: Applying CVar settings loaded from the selected device profile: [Windows]
[2019.06.20-19.01.24:517][  0]LogHAL: Display: Platform has ~ 32 GB [33974403072 / 34359738368 / 32], which maps to Largest [LargestMinGB=32, LargerMinGB=12, DefaultMinGB=8, SmallerMinGB=6, SmallestMinGB=0)
[2019.06.20-19.01.24:517][  0]LogConfig: Setting CVar [[r.Vulkan.UseRealUBs:0		; Required until we fix HLR fall-out]]
[2019.06.20-19.01.24:517][  0]LogInit: Going up to parent DeviceProfile []
[2019.06.20-19.01.24:517][  0]LogConfig: Applying CVar settings from Section [ViewDistanceQuality@3] File [C:/Users/dmann/Documents/UE4-SurvivalGame/SurvivalGame/Saved/Config/Windows/Scalability.ini]
[2019.06.20-19.01.24:517][  0]LogConfig: Setting CVar [[r.SkeletalMeshLODBias:0]]
[2019.06.20-19.01.24:517][  0]LogConfig: Setting CVar [[r.ViewDistanceScale:1.0]]
[2019.06.20-19.01.24:517][  0]LogConfig: Applying CVar settings from Section [AntiAliasingQuality@3] File [C:/Users/dmann/Documents/UE4-SurvivalGame/SurvivalGame/Saved/Config/Windows/Scalability.ini]
[2019.06.20-19.01.24:517][  0]LogConfig: Setting CVar [[r.PostProcessAAQuality:4]]
[2019.06.20-19.01.24:517][  0]LogConfig: Applying CVar settings from Section [ShadowQuality@3] File [C:/Users/dmann/Documents/UE4-SurvivalGame/SurvivalGame/Saved/Config/Windows/Scalability.ini]
[2019.06.20-19.01.24:517][  0]LogConfig: Setting CVar [[r.LightFunctionQuality:1]]
[2019.06.20-19.01.24:517][  0]LogConfig: Setting CVar [[r.ShadowQuality:5]]
[2019.06.20-19.01.24:517][  0]LogConfig: Setting CVar [[r.Shadow.CSM.MaxCascades:10]]
[2019.06.20-19.01.24:517][  0]LogConfig: Setting CVar [[r.Shadow.MaxResolution:2048]]
[2019.06.20-19.01.24:517][  0]LogConfig: Setting CVar [[r.Shadow.MaxCSMResolution:2048]]
[2019.06.20-19.01.24:517][  0]LogConfig: Setting CVar [[r.Shadow.RadiusThreshold:0.01]]
[2019.06.20-19.01.24:518][  0]LogConfig: Setting CVar [[r.Shadow.DistanceScale:1.0]]
[2019.06.20-19.01.24:518][  0]LogConfig: Setting CVar [[r.Shadow.CSM.TransitionScale:1.0]]
[2019.06.20-19.01.24:518][  0]LogConfig: Setting CVar [[r.Shadow.PreShadowResolutionFactor:1.0]]
[2019.06.20-19.01.24:518][  0]LogConfig: Setting CVar [[r.DistanceFieldShadowing:1]]
[2019.06.20-19.01.24:518][  0]LogConfig: Setting CVar [[r.DistanceFieldAO:1]]
[2019.06.20-19.01.24:518][  0]LogConfig: Setting CVar [[r.AOQuality:2]]
[2019.06.20-19.01.24:518][  0]LogConfig: Setting CVar [[r.VolumetricFog:1]]
[2019.06.20-19.01.24:518][  0]LogConfig: Setting CVar [[r.VolumetricFog.GridPixelSize:8]]
[2019.06.20-19.01.24:518][  0]LogConfig: Setting CVar [[r.VolumetricFog.GridSizeZ:128]]
[2019.06.20-19.01.24:518][  0]LogConfig: Setting CVar [[r.VolumetricFog.HistoryMissSupersampleCount:4]]
[2019.06.20-19.01.24:518][  0]LogConfig: Setting CVar [[r.LightMaxDrawDistanceScale:1]]
[2019.06.20-19.01.24:518][  0]LogConfig: Setting CVar [[r.CapsuleShadows:1]]
[2019.06.20-19.01.24:518][  0]LogConfig: Applying CVar settings from Section [PostProcessQuality@3] File [C:/Users/dmann/Documents/UE4-SurvivalGame/SurvivalGame/Saved/Config/Windows/Scalability.ini]
[2019.06.20-19.01.24:518][  0]LogConfig: Setting CVar [[r.MotionBlurQuality:4]]
[2019.06.20-19.01.24:518][  0]LogConfig: Setting CVar [[r.AmbientOcclusionMipLevelFactor:0.4]]
[2019.06.20-19.01.24:518][  0]LogConfig: Setting CVar [[r.AmbientOcclusionMaxQuality:100]]
[2019.06.20-19.01.24:518][  0]LogConfig: Setting CVar [[r.AmbientOcclusionLevels:-1]]
[2019.06.20-19.01.24:518][  0]LogConfig: Setting CVar [[r.AmbientOcclusionRadiusScale:1.0]]
[2019.06.20-19.01.24:518][  0]LogConfig: Setting CVar [[r.DepthOfFieldQuality:2]]
[2019.06.20-19.01.24:518][  0]LogConfig: Setting CVar [[r.RenderTargetPoolMin:400]]
[2019.06.20-19.01.24:518][  0]LogConfig: Setting CVar [[r.LensFlareQuality:2]]
[2019.06.20-19.01.24:518][  0]LogConfig: Setting CVar [[r.SceneColorFringeQuality:1]]
[2019.06.20-19.01.24:518][  0]LogConfig: Setting CVar [[r.EyeAdaptationQuality:2]]
[2019.06.20-19.01.24:518][  0]LogConfig: Setting CVar [[r.BloomQuality:5]]
[2019.06.20-19.01.24:518][  0]LogConfig: Setting CVar [[r.FastBlurThreshold:100]]
[2019.06.20-19.01.24:518][  0]LogConfig: Setting CVar [[r.Upscale.Quality:3]]
[2019.06.20-19.01.24:518][  0]LogConfig: Setting CVar [[r.Tonemapper.GrainQuantization:1]]
[2019.06.20-19.01.24:518][  0]LogConfig: Setting CVar [[r.LightShaftQuality:1]]
[2019.06.20-19.01.24:518][  0]LogConfig: Setting CVar [[r.Filter.SizeScale:1]]
[2019.06.20-19.01.24:518][  0]LogConfig: Setting CVar [[r.Tonemapper.Quality:5]]
[2019.06.20-19.01.24:518][  0]LogConfig: Setting CVar [[r.DOF.Gather.AccumulatorQuality:1        ; higher gathering accumulator quality]]
[2019.06.20-19.01.24:518][  0]LogConfig: Setting CVar [[r.DOF.Gather.PostfilterMethod:1          ; Median3x3 postfilering method]]
[2019.06.20-19.01.24:518][  0]LogConfig: Setting CVar [[r.DOF.Gather.EnableBokehSettings:0       ; no bokeh simulation when gathering]]
[2019.06.20-19.01.24:518][  0]LogConfig: Setting CVar [[r.DOF.Gather.RingCount:4                 ; medium number of samples when gathering]]
[2019.06.20-19.01.24:518][  0]LogConfig: Setting CVar [[r.DOF.Scatter.ForegroundCompositing:1    ; additive foreground scattering]]
[2019.06.20-19.01.24:518][  0]LogConfig: Setting CVar [[r.DOF.Scatter.BackgroundCompositing:2    ; additive background scattering]]
[2019.06.20-19.01.24:518][  0]LogConfig: Setting CVar [[r.DOF.Scatter.EnableBokehSettings:1      ; bokeh simulation when scattering]]
[2019.06.20-19.01.24:518][  0]LogConfig: Setting CVar [[r.DOF.Scatter.MaxSpriteRatio:0.1         ; only a maximum of 10% of scattered bokeh]]
[2019.06.20-19.01.24:518][  0]LogConfig: Setting CVar [[r.DOF.Recombine.Quality:1                ; cheap slight out of focus]]
[2019.06.20-19.01.24:518][  0]LogConfig: Setting CVar [[r.DOF.Recombine.EnableBokehSettings:0    ; no bokeh simulation on slight out of focus]]
[2019.06.20-19.01.24:518][  0]LogConfig: Setting CVar [[r.DOF.TemporalAAQuality:1                ; more stable temporal accumulation]]
[2019.06.20-19.01.24:518][  0]LogConfig: Setting CVar [[r.DOF.Kernel.MaxForegroundRadius:0.025]]
[2019.06.20-19.01.24:518][  0]LogConfig: Setting CVar [[r.DOF.Kernel.MaxBackgroundRadius:0.025]]
[2019.06.20-19.01.24:518][  0]LogConfig: Applying CVar settings from Section [TextureQuality@3] File [C:/Users/dmann/Documents/UE4-SurvivalGame/SurvivalGame/Saved/Config/Windows/Scalability.ini]
[2019.06.20-19.01.24:518][  0]LogConfig: Setting CVar [[r.Streaming.MipBias:0]]
[2019.06.20-19.01.24:518][  0]LogConfig: Setting CVar [[r.Streaming.AmortizeCPUToGPUCopy:0]]
[2019.06.20-19.01.24:518][  0]LogConfig: Setting CVar [[r.Streaming.MaxNumTexturesToStreamPerFrame:0]]
[2019.06.20-19.01.24:518][  0]LogConfig: Setting CVar [[r.Streaming.Boost:1]]
[2019.06.20-19.01.24:518][  0]LogConfig: Setting CVar [[r.MaxAnisotropy:8]]
[2019.06.20-19.01.24:518][  0]LogConfig: Setting CVar [[r.Streaming.LimitPoolSizeToVRAM:0]]
[2019.06.20-19.01.24:518][  0]LogConfig: Setting CVar [[r.Streaming.PoolSize:1000]]
[2019.06.20-19.01.24:518][  0]LogConfig: Setting CVar [[r.Streaming.MaxEffectiveScreenSize:0]]
[2019.06.20-19.01.24:518][  0]LogConfig: Applying CVar settings from Section [EffectsQuality@3] File [C:/Users/dmann/Documents/UE4-SurvivalGame/SurvivalGame/Saved/Config/Windows/Scalability.ini]
[2019.06.20-19.01.24:518][  0]LogConfig: Setting CVar [[r.TranslucencyLightingVolumeDim:64]]
[2019.06.20-19.01.24:518][  0]LogConfig: Setting CVar [[r.RefractionQuality:2]]
[2019.06.20-19.01.24:518][  0]LogConfig: Setting CVar [[r.SSR.Quality:3]]
[2019.06.20-19.01.24:518][  0]LogConfig: Setting CVar [[r.SceneColorFormat:4]]
[2019.06.20-19.01.24:518][  0]LogConfig: Setting CVar [[r.DetailMode:2]]
[2019.06.20-19.01.24:518][  0]LogConfig: Setting CVar [[r.TranslucencyVolumeBlur:1]]
[2019.06.20-19.01.24:519][  0]LogConfig: Setting CVar [[r.MaterialQualityLevel:1 ; High quality]]
[2019.06.20-19.01.24:519][  0]LogConfig: Setting CVar [[r.SSS.Scale:1]]
[2019.06.20-19.01.24:519][  0]LogConfig: Setting CVar [[r.SSS.SampleSet:2]]
[2019.06.20-19.01.24:519][  0]LogConfig: Setting CVar [[r.SSS.Quality:1]]
[2019.06.20-19.01.24:519][  0]LogConfig: Setting CVar [[r.SSS.HalfRes:1]]
[2019.06.20-19.01.24:519][  0]LogConfig: Setting CVar [[r.EmitterSpawnRateScale:1.0]]
[2019.06.20-19.01.24:519][  0]LogConfig: Setting CVar [[r.ParticleLightQuality:2]]
[2019.06.20-19.01.24:519][  0]LogConfig: Applying CVar settings from Section [FoliageQuality@3] File [C:/Users/dmann/Documents/UE4-SurvivalGame/SurvivalGame/Saved/Config/Windows/Scalability.ini]
[2019.06.20-19.01.24:519][  0]LogConfig: Setting CVar [[foliage.DensityScale:1.0]]
[2019.06.20-19.01.24:519][  0]LogConfig: Setting CVar [[grass.DensityScale:1.0]]
[2019.06.20-19.01.24:519][  0]LogConfig: Applying CVar settings from Section [Startup] File [../../../Engine/Config/ConsoleVariables.ini]
[2019.06.20-19.01.24:519][  0]LogConfig: Setting CVar [[net.UseAdaptiveNetUpdateFrequency:0]]
[2019.06.20-19.01.24:519][  0]LogConfig: Setting CVar [[p.chaos.AllowCreatePhysxBodies:1]]
[2019.06.20-19.01.24:519][  0]LogConfig: Applying CVar settings from Section [ConsoleVariables] File [C:/Users/dmann/Documents/UE4-SurvivalGame/SurvivalGame/Saved/Config/Windows/Engine.ini]
[2019.06.20-19.01.24:519][  0]LogInit: Computer: RWS2-DAVIDMANN
[2019.06.20-19.01.24:519][  0]LogInit: User: dmann
[2019.06.20-19.01.24:519][  0]LogInit: CPU Page size=4096, Cores=12
[2019.06.20-19.01.24:519][  0]LogInit: High frequency timer resolution =2.922919 MHz
[2019.06.20-19.01.24:520][  0]LogMemory: Memory total: Physical=31.6GB (32GB approx)
[2019.06.20-19.01.24:520][  0]LogMemory: Platform Memory Stats for Windows
[2019.06.20-19.01.24:520][  0]LogMemory: Process Physical Memory: 102.70 MB used, 102.70 MB peak
[2019.06.20-19.01.24:520][  0]LogMemory: Process Virtual Memory: 94.57 MB used, 94.57 MB peak
[2019.06.20-19.01.24:520][  0]LogMemory: Physical Memory: 22665.75 MB used,  9734.77 MB free, 32400.52 MB total
[2019.06.20-19.01.24:520][  0]LogMemory: Virtual Memory: 635.54 MB used,  134217096.00 MB free, 134217728.00 MB total
[2019.06.20-19.01.24:581][  0]LogInit: Using OS detected language (en-US).
[2019.06.20-19.01.24:581][  0]LogInit: Using OS detected locale (en-US).
[2019.06.20-19.01.24:582][  0]LogTextLocalizationManager: No specific localization for 'en-US' exists, so the 'en' localization will be used.
[2019.06.20-19.01.24:836][  0]LogInit: Setting process to per monitor DPI aware
[2019.06.20-19.01.24:887][  0]LogSlate: New Slate User Created.  User Index 0, Is Virtual User: 0
[2019.06.20-19.01.24:887][  0]LogSlate: Slate User Registered.  User Index 0, Is Virtual User: 0
[2019.06.20-19.01.25:274][  0]LogHMD: Failed to initialize OpenVR with code 110
[2019.06.20-19.01.25:274][  0]LogD3D11RHI: D3D11 adapters:
[2019.06.20-19.01.25:370][  0]LogD3D11RHI:    0. 'NVIDIA GeForce GTX 1070' (Feature Level 11_0)
[2019.06.20-19.01.25:370][  0]LogD3D11RHI:       8088/0/16200 MB DedicatedVideo/DedicatedSystem/SharedSystem, Outputs:2, VendorId:0x10de
[2019.06.20-19.01.25:376][  0]LogD3D11RHI:    1. 'Microsoft Basic Render Driver' (Feature Level 11_0)
[2019.06.20-19.01.25:376][  0]LogD3D11RHI:       0/0/16200 MB DedicatedVideo/DedicatedSystem/SharedSystem, Outputs:0, VendorId:0x1414
[2019.06.20-19.01.25:376][  0]LogD3D11RHI: Chosen D3D11 Adapter: 0
[2019.06.20-19.01.25:395][  0]LogD3D11RHI: Creating new Direct3DDevice
[2019.06.20-19.01.25:395][  0]LogD3D11RHI:     GPU DeviceId: 0x1b81 (for the marketing name, search the web for "GPU Device Id")
[2019.06.20-19.01.25:395][  0]LogWindows: EnumDisplayDevices:
[2019.06.20-19.01.25:396][  0]LogWindows:    0. 'NVIDIA GeForce GTX 1070' (P:1 D:1)
[2019.06.20-19.01.25:397][  0]LogWindows:    1. 'NVIDIA GeForce GTX 1070' (P:0 D:1)
[2019.06.20-19.01.25:397][  0]LogWindows:    2. 'NVIDIA GeForce GTX 1070' (P:0 D:0)
[2019.06.20-19.01.25:398][  0]LogWindows:    3. 'NVIDIA GeForce GTX 1070' (P:0 D:0)
[2019.06.20-19.01.25:399][  0]LogWindows: DebugString: FoundDriverCount:4 
[2019.06.20-19.01.25:399][  0]LogD3D11RHI:     Adapter Name: NVIDIA GeForce GTX 1070
[2019.06.20-19.01.25:399][  0]LogD3D11RHI:   Driver Version: 397.93 (internal:24.21.13.9793, unified:397.93)
[2019.06.20-19.01.25:399][  0]LogD3D11RHI:      Driver Date: 5-22-2018
[2019.06.20-19.01.25:399][  0]LogRHI: Texture pool is 5661 MB (70% of 8088 MB)
[2019.06.20-19.01.25:466][  0]LogD3D11RHI: Async texture creation enabled
[2019.06.20-19.01.25:474][  0]LogRendererCore: FGlobalReadBuffer::InitRHI
[2019.06.20-19.01.25:474][  0]LogRendererCore: FGlobalReadBuffer::InitRHI
[2019.06.20-19.01.25:474][  0]LogRendererCore: FGlobalReadBuffer::InitRHI
[2019.06.20-19.01.25:488][  0]LogD3D11RHI: GPU Timing Frequency: 1000.000000 (Debug: 2 2)
[2019.06.20-19.01.26:006][  0]LogTemp: Display: Module 'AllDesktopTargetPlatform' loaded TargetPlatform 'AllDesktop'
[2019.06.20-19.01.26:025][  0]LogTemp: Display: Module 'MacClientTargetPlatform' loaded TargetPlatform 'MacClient'
[2019.06.20-19.01.26:045][  0]LogTemp: Display: Module 'MacNoEditorTargetPlatform' loaded TargetPlatform 'MacNoEditor'
[2019.06.20-19.01.26:065][  0]LogTemp: Display: Module 'MacServerTargetPlatform' loaded TargetPlatform 'MacServer'
[2019.06.20-19.01.26:085][  0]LogTemp: Display: Module 'MacTargetPlatform' loaded TargetPlatform 'Mac'
[2019.06.20-19.01.26:105][  0]LogTemp: Display: Module 'WindowsClientTargetPlatform' loaded TargetPlatform 'WindowsClient'
[2019.06.20-19.01.26:127][  0]LogTemp: Display: Module 'WindowsNoEditorTargetPlatform' loaded TargetPlatform 'WindowsNoEditor'
[2019.06.20-19.01.26:147][  0]LogTemp: Display: Module 'WindowsServerTargetPlatform' loaded TargetPlatform 'WindowsServer'
[2019.06.20-19.01.26:158][  0]LogTemp: Display: Module 'WindowsTargetPlatform' loaded TargetPlatform 'Windows'
[2019.06.20-19.01.26:278][  0]LogTemp: Display: Module 'AndroidTargetPlatform' loaded TargetPlatform 'Android'
[2019.06.20-19.01.26:278][  0]LogTemp: Display: Module 'AndroidTargetPlatform' loaded TargetPlatform 'Android_ASTC'
[2019.06.20-19.01.26:278][  0]LogTemp: Display: Module 'AndroidTargetPlatform' loaded TargetPlatform 'Android_ATC'
[2019.06.20-19.01.26:278][  0]LogTemp: Display: Module 'AndroidTargetPlatform' loaded TargetPlatform 'Android_DXT'
[2019.06.20-19.01.26:278][  0]LogTemp: Display: Module 'AndroidTargetPlatform' loaded TargetPlatform 'Android_ETC1'
[2019.06.20-19.01.26:278][  0]LogTemp: Display: Module 'AndroidTargetPlatform' loaded TargetPlatform 'Android_ETC1a'
[2019.06.20-19.01.26:278][  0]LogTemp: Display: Module 'AndroidTargetPlatform' loaded TargetPlatform 'Android_ETC2'
[2019.06.20-19.01.26:278][  0]LogTemp: Display: Module 'AndroidTargetPlatform' loaded TargetPlatform 'Android_PVRTC'
[2019.06.20-19.01.26:278][  0]LogTemp: Display: Module 'AndroidTargetPlatform' loaded TargetPlatform 'AndroidClient'
[2019.06.20-19.01.26:278][  0]LogTemp: Display: Module 'AndroidTargetPlatform' loaded TargetPlatform 'Android_ASTCClient'
[2019.06.20-19.01.26:278][  0]LogTemp: Display: Module 'AndroidTargetPlatform' loaded TargetPlatform 'Android_ATCClient'
[2019.06.20-19.01.26:278][  0]LogTemp: Display: Module 'AndroidTargetPlatform' loaded TargetPlatform 'Android_DXTClient'
[2019.06.20-19.01.26:278][  0]LogTemp: Display: Module 'AndroidTargetPlatform' loaded TargetPlatform 'Android_ETC1Client'
[2019.06.20-19.01.26:278][  0]LogTemp: Display: Module 'AndroidTargetPlatform' loaded TargetPlatform 'Android_ETC1aClient'
[2019.06.20-19.01.26:278][  0]LogTemp: Display: Module 'AndroidTargetPlatform' loaded TargetPlatform 'Android_ETC2Client'
[2019.06.20-19.01.26:278][  0]LogTemp: Display: Module 'AndroidTargetPlatform' loaded TargetPlatform 'Android_PVRTCClient'
[2019.06.20-19.01.26:278][  0]LogTemp: Display: Module 'AndroidTargetPlatform' loaded TargetPlatform 'Android_Multi'
[2019.06.20-19.01.26:278][  0]LogTemp: Display: Module 'AndroidTargetPlatform' loaded TargetPlatform 'Android_MultiClient'
[2019.06.20-19.01.26:284][  0]LogTemp: Display: Module 'HTML5TargetPlatform' loaded TargetPlatform 'HTML5'
[2019.06.20-19.01.26:359][  0]LogTemp: Display: Module 'IOSTargetPlatform' loaded TargetPlatform 'IOSClient'
[2019.06.20-19.01.26:359][  0]LogTemp: Display: Module 'IOSTargetPlatform' loaded TargetPlatform 'IOS'
[2019.06.20-19.01.26:399][  0]LogTemp: Display: Module 'TVOSTargetPlatform' loaded TargetPlatform 'TVOSClient'
[2019.06.20-19.01.26:399][  0]LogTemp: Display: Module 'TVOSTargetPlatform' loaded TargetPlatform 'TVOS'
[2019.06.20-19.01.26:421][  0]LogTemp: Display: Module 'LinuxClientTargetPlatform' loaded TargetPlatform 'LinuxClient'
[2019.06.20-19.01.26:441][  0]LogTemp: Display: Module 'LinuxNoEditorTargetPlatform' loaded TargetPlatform 'LinuxNoEditor'
[2019.06.20-19.01.26:459][  0]LogTemp: Display: Module 'LinuxServerTargetPlatform' loaded TargetPlatform 'LinuxServer'
[2019.06.20-19.01.26:480][  0]LogTemp: Display: Module 'LinuxTargetPlatform' loaded TargetPlatform 'Linux'
[2019.06.20-19.01.26:550][  0]LogTemp: Display: Module 'LuminTargetPlatform' loaded TargetPlatform 'Lumin'
[2019.06.20-19.01.26:550][  0]LogTemp: Display: Module 'LuminTargetPlatform' loaded TargetPlatform 'LuminClient'
[2019.06.20-19.01.26:550][  0]LogTargetPlatformManager: Display: Building Assets For Windows
[2019.06.20-19.01.26:568][  0]LogAudioDebug: Display: Lib vorbis DLL was dynamically loaded.
[2019.06.20-19.01.26:697][  0]LogShaderCompilers: Guid format shader working directory is -22 characters bigger than the processId version (../../../../../../Users/dmann/Documents/UE4-SurvivalGame/SurvivalGame/Intermediate/Shaders/WorkingDirectory/26996/).
[2019.06.20-19.01.26:698][  0]LogShaderCompilers: Cleaned the shader compiler working directory 'C:/Users/dmann/AppData/Local/Temp/1/UnrealShaderWorkingDir/828E241B43902A96299259B026124218/'.
[2019.06.20-19.01.26:705][  0]LogXGEController: Cannot use XGE Controller as Incredibuild is not installed on this machine.
[2019.06.20-19.01.26:705][  0]LogShaderCompilers: Cannot use XGE Shader Compiler as Incredibuild is not installed on this machine.
[2019.06.20-19.01.26:705][  0]LogShaderCompilers: Display: Using Local Shader Compiler.
[2019.06.20-19.01.27:642][  0]LogDerivedDataCache: Display: Max Cache Size: 512 MB
[2019.06.20-19.01.27:747][  0]LogDerivedDataCache: Loaded boot cache 0.10s 71MB C:/Users/dmann/AppData/Local/UnrealEngine/4.22/DerivedDataCache/Boot.ddc.
[2019.06.20-19.01.27:747][  0]LogDerivedDataCache: Display: Loaded Boot cache: C:/Users/dmann/AppData/Local/UnrealEngine/4.22/DerivedDataCache/Boot.ddc
[2019.06.20-19.01.27:747][  0]LogDerivedDataCache: FDerivedDataBackendGraph:  Pak pak cache file ../../../../../../Users/dmann/Documents/UE4-SurvivalGame/SurvivalGame/DerivedDataCache/DDC.ddp not found, will not use a pak cache.
[2019.06.20-19.01.27:747][  0]LogDerivedDataCache: Unable to find inner node Pak for hierarchical cache Hierarchy.
[2019.06.20-19.01.27:747][  0]LogDerivedDataCache: FDerivedDataBackendGraph:  CompressedPak pak cache file ../../../../../../Users/dmann/Documents/UE4-SurvivalGame/SurvivalGame/DerivedDataCache/Compressed.ddp not found, will not use a pak cache.
[2019.06.20-19.01.27:747][  0]LogDerivedDataCache: Unable to find inner node CompressedPak for hierarchical cache Hierarchy.
[2019.06.20-19.01.27:763][  0]LogDerivedDataCache: Display: Pak cache opened for reading ../../../Engine/DerivedDataCache/Compressed.ddp.
[2019.06.20-19.01.27:763][  0]LogDerivedDataCache: FDerivedDataBackendGraph:  EnterprisePak pak cache file ../../../Enterprise/DerivedDataCache/Compressed.ddp not found, will not use a pak cache.
[2019.06.20-19.01.27:763][  0]LogDerivedDataCache: Unable to find inner node EnterprisePak for hierarchical cache Hierarchy.
[2019.06.20-19.01.27:776][  0]LogDerivedDataCache: Using Local data cache path C:/Users/dmann/AppData/Local/UnrealEngine/Common/DerivedDataCache: Writable
[2019.06.20-19.01.27:776][  0]LogDerivedDataCache: Shared data cache path not found in *engine.ini, will not use an Shared cache.
[2019.06.20-19.01.27:776][  0]LogDerivedDataCache: Unable to find inner node Shared for hierarchical cache Hierarchy.
[2019.06.20-19.01.27:821][  0]LogMaterial: Verifying Global Shaders for PCD3D_SM5
[2019.06.20-19.01.27:823][  0]LogSlate: Using FreeType 2.6.0
[2019.06.20-19.01.27:824][  0]LogSlate: SlateFontServices - WITH_FREETYPE: 1, WITH_HARFBUZZ: 1
[2019.06.20-19.01.28:019][  0]LogAssetRegistry: FAssetRegistry took 0.0499 seconds to start up
[2019.06.20-19.01.28:605][  0]LogInit: Selected Device Profile: [Windows]
[2019.06.20-19.01.28:809][  0]LogMeshReduction: Using QuadricMeshReduction for automatic static mesh reduction
[2019.06.20-19.01.28:809][  0]LogMeshReduction: Using SimplygonMeshReduction for automatic skeletal mesh reduction
[2019.06.20-19.01.28:809][  0]LogMeshReduction: Using ProxyLODMeshReduction for automatic mesh merging
[2019.06.20-19.01.28:809][  0]LogMeshReduction: No distributed automatic mesh merging module available
[2019.06.20-19.01.28:809][  0]LogMeshMerging: No distributed automatic mesh merging module available
[2019.06.20-19.01.28:831][  0]LogNetVersion: SurvivalGame 1.0.0, NetCL: 5660361, EngineNetVer: 10, GameNetVer: 0 (Checksum: 4025184520)
[2019.06.20-19.01.29:546][  0]LogPackageLocalizationCache: Processed 10 localized package path(s) for 1 prioritized culture(s) in 0.068633 seconds
[2019.06.20-19.01.29:555][  0]LogUObjectArray: 42205 objects as part of root set at end of initial load.
[2019.06.20-19.01.29:555][  0]LogUObjectAllocator: 7325032 out of 0 bytes used by permanent object pool.
[2019.06.20-19.01.29:555][  0]LogUObjectArray: CloseDisregardForGC: 0/0 objects in disregard for GC pool
[2019.06.20-19.01.31:379][  0]LogTcpMessaging: Initializing TcpMessaging bridge
[2019.06.20-19.01.31:395][  0]LogUdpMessaging: Initializing bridge on interface 0.0.0.0:0 to multicast group 230.0.0.1:6666.
[2019.06.20-19.01.31:555][  0]SourceControl: Source control is disabled
[2019.06.20-19.01.31:556][  0]SourceControl: Source control is disabled
[2019.06.20-19.01.31:559][  0]SourceControl: Source control is disabled
[2019.06.20-19.01.31:562][  0]SourceControl: Source control is disabled
[2019.06.20-19.01.31:577][  0]LogVSAccessor: Display: Unable to create Visual Studio setup instance: 80040154
[2019.06.20-19.01.31:578][  0]LogVSAccessor: Display: Unable to create Visual Studio setup instance: 80040154
[2019.06.20-19.01.31:745][  0]LogAndroidPermission: UAndroidPermissionCallbackProxy::GetInstance
[2019.06.20-19.01.31:877][  0]LogOcInput: OculusInput pre-init called
[2019.06.20-19.01.33:146][  0]LogEngine: Initializing Engine...
[2019.06.20-19.01.33:148][  0]LogHMD: Failed to initialize OpenVR with code 110
[2019.06.20-19.01.33:150][  0]LogStats: UGameplayTagsManager::InitializeManager -  0.000 s
[2019.06.20-19.01.33:446][  0]LogInit: Initializing FReadOnlyCVARCache
[2019.06.20-19.01.33:476][  0]LogAIModule: Creating AISystem for world Untitled
[2019.06.20-19.01.33:511][  0]LogInit: XAudio2 using 'Speakers / Headphones (Realtek Audio)' : 2 channels at 48 kHz using 32 bits per sample (channel mask 0x3)
[2019.06.20-19.01.33:566][  0]LogInit: FAudioDevice initialized.
[2019.06.20-19.01.33:566][  0]LogNetVersion: Set ProjectVersion to 1.0.0.0. Version Checksum will be recalculated on next use.
[2019.06.20-19.01.33:687][  0]LogDerivedDataCache: Saved boot cache 0.12s 71MB C:/Users/dmann/AppData/Local/UnrealEngine/4.22/DerivedDataCache/Boot.ddc.
[2019.06.20-19.01.33:688][  0]LogInit: Texture streaming: Enabled
[2019.06.20-19.01.33:735][  0]LogEngineSessionManager: EngineSessionManager initialized
[2019.06.20-19.01.33:797][  0]LogInit: Transaction tracking system initialized
[2019.06.20-19.01.33:875][  0]BlueprintLog: New page: Editor Load
[2019.06.20-19.01.34:118][  0]LocalizationService: Localization service is disabled
[2019.06.20-19.01.34:380][  0]LogVSAccessor: Display: Unable to create Visual Studio setup instance: 80040154
[2019.06.20-19.01.34:381][  0]LogVSAccessor: Display: Unable to create Visual Studio setup instance: 80040154
[2019.06.20-19.01.34:666][  0]LogFileCache: Scanning file cache for directory 'C:/Users/dmann/Documents/UE4-SurvivalGame/SurvivalGame/Content/' took 0.03s
[2019.06.20-19.01.34:667][  0]LogCook: Display: Max memory allowance for cook 16384mb min free memory 0mb
[2019.06.20-19.01.34:667][  0]LogCook: Display: Mobile HDR setting 1
[2019.06.20-19.01.35:069][  0]SourceControl: Source control is disabled
[2019.06.20-19.01.35:070][  0]Cmd: MAP LOAD FILE="../../../../../../Users/dmann/Documents/UE4-SurvivalGame/SurvivalGame/Content/Maps/TestLevel.umap" TEMPLATE=0 SHOWPROGRESS=1 FEATURELEVEL=3
[2019.06.20-19.01.35:070][  0]LightingResults: New page: Lighting Build
[2019.06.20-19.01.35:077][  0]MapCheck: New page: Map Check
[2019.06.20-19.01.35:077][  0]LightingResults: New page: Lighting Build
[2019.06.20-19.01.35:124][  0]LogUObjectHash: Compacting FUObjectHashTables data took   2.19ms
[2019.06.20-19.01.35:326][  0]LogAIModule: Creating AISystem for world TestLevel
[2019.06.20-19.01.35:332][  0]LogEditorServer: Finished looking for orphan Actors (0.000 secs)
[2019.06.20-19.01.35:377][  0]LogUObjectHash: Compacting FUObjectHashTables data took   2.69ms
[2019.06.20-19.01.35:377][  0]Cmd: MAP CHECKDEP NOCLEARLOG
[2019.06.20-19.01.35:378][  0]MapCheck: Map check complete: 0 Error(s), 0 Warning(s), took 0.272ms to complete.
[2019.06.20-19.01.35:378][  0]LogFileHelpers: Loading map 'TestLevel' took 0.309
[2019.06.20-19.01.35:519][  0]LogSlate: Updating window title bar state: overlay mode, drag disabled, window buttons hidden, title bar hidden
[2019.06.20-19.01.35:528][  0]LogSlate: Updating window title bar state: overlay mode, drag disabled, window buttons hidden, title bar hidden
[2019.06.20-19.01.35:539][  0]LogSlate: Updating window title bar state: overlay mode, drag disabled, window buttons hidden, title bar hidden
[2019.06.20-19.01.35:551][  0]LogSlate: Updating window title bar state: overlay mode, drag disabled, window buttons hidden, title bar hidden
[2019.06.20-19.01.35:568][  0]LogCollectionManager: Loaded 0 collections in 0.004496 seconds
[2019.06.20-19.01.35:615][  0]LogFileCache: Scanning file cache for directory 'C:/Users/dmann/Documents/UE4-SurvivalGame/SurvivalGame/Saved/Collections/' took 0.01s
[2019.06.20-19.01.35:615][  0]LogFileCache: Scanning file cache for directory 'C:/Users/dmann/Documents/UE4-SurvivalGame/SurvivalGame/Content/Developers/dmann/Collections/' took 0.01s
[2019.06.20-19.01.35:615][  0]LogFileCache: Scanning file cache for directory 'C:/Users/dmann/Documents/UE4-SurvivalGame/SurvivalGame/Content/Collections/' took 0.01s
[2019.06.20-19.01.35:615][  0]LogCollectionManager: Rebuilt the GUID cache for 0 collections in 0.000001 seconds
[2019.06.20-19.01.35:631][  0]LogContentBrowser: Native class hierarchy populated in 0.0149 seconds. Added 2732 classes and 659 folders.
[2019.06.20-19.01.35:649][  0]LogContentBrowser: Native class hierarchy updated for 'WidgetCarousel' in 0.0006 seconds. Added 0 classes and 0 folders.
[2019.06.20-19.01.35:655][  0]LogPakFile: Registered encryption key '00000000000000000000000000000000': 0 pak files mounted, 0 remain pending
[2019.06.20-19.01.35:658][  0]LogPakFile: Registered encryption key '00000000000000000000000000000000': 0 pak files mounted, 0 remain pending
[2019.06.20-19.01.35:660][  0]LogPakFile: Registered encryption key '00000000000000000000000000000000': 0 pak files mounted, 0 remain pending
[2019.06.20-19.01.35:663][  0]LogPakFile: Registered encryption key '00000000000000000000000000000000': 0 pak files mounted, 0 remain pending
[2019.06.20-19.01.35:665][  0]LogPakFile: Registered encryption key '00000000000000000000000000000000': 0 pak files mounted, 0 remain pending
[2019.06.20-19.01.35:667][  0]LogPakFile: Registered encryption key '00000000000000000000000000000000': 0 pak files mounted, 0 remain pending
[2019.06.20-19.01.35:670][  0]LogPakFile: Registered encryption key '00000000000000000000000000000000': 0 pak files mounted, 0 remain pending
[2019.06.20-19.01.35:672][  0]LogPakFile: Registered encryption key '00000000000000000000000000000000': 0 pak files mounted, 0 remain pending
[2019.06.20-19.01.35:675][  0]LogPakFile: Registered encryption key '00000000000000000000000000000000': 0 pak files mounted, 0 remain pending
[2019.06.20-19.01.35:677][  0]LogPakFile: Registered encryption key '00000000000000000000000000000000': 0 pak files mounted, 0 remain pending
[2019.06.20-19.01.35:680][  0]LogPakFile: Registered encryption key '00000000000000000000000000000000': 0 pak files mounted, 0 remain pending
[2019.06.20-19.01.35:682][  0]LogPakFile: Registered encryption key '00000000000000000000000000000000': 0 pak files mounted, 0 remain pending
[2019.06.20-19.01.35:684][  0]LogPakFile: Registered encryption key '00000000000000000000000000000000': 0 pak files mounted, 0 remain pending
[2019.06.20-19.01.35:687][  0]LogPakFile: Registered encryption key '00000000000000000000000000000000': 0 pak files mounted, 0 remain pending
[2019.06.20-19.01.35:689][  0]LogPakFile: Registered encryption key '00000000000000000000000000000000': 0 pak files mounted, 0 remain pending
[2019.06.20-19.01.35:691][  0]LogPakFile: Registered encryption key '00000000000000000000000000000000': 0 pak files mounted, 0 remain pending
[2019.06.20-19.01.35:694][  0]LogPakFile: Registered encryption key '00000000000000000000000000000000': 0 pak files mounted, 0 remain pending
[2019.06.20-19.01.35:696][  0]LogPakFile: Registered encryption key '00000000000000000000000000000000': 0 pak files mounted, 0 remain pending
[2019.06.20-19.01.35:699][  0]LogPakFile: Registered encryption key '00000000000000000000000000000000': 0 pak files mounted, 0 remain pending
[2019.06.20-19.01.35:701][  0]LogPakFile: Registered encryption key '00000000000000000000000000000000': 0 pak files mounted, 0 remain pending
[2019.06.20-19.01.35:703][  0]LogPakFile: Registered encryption key '00000000000000000000000000000000': 0 pak files mounted, 0 remain pending
[2019.06.20-19.01.35:706][  0]LogPakFile: Registered encryption key '00000000000000000000000000000000': 0 pak files mounted, 0 remain pending
[2019.06.20-19.01.35:708][  0]LogPakFile: Registered encryption key '00000000000000000000000000000000': 0 pak files mounted, 0 remain pending
[2019.06.20-19.01.35:710][  0]LogPakFile: Registered encryption key '00000000000000000000000000000000': 0 pak files mounted, 0 remain pending
[2019.06.20-19.01.35:713][  0]LogPakFile: Registered encryption key '00000000000000000000000000000000': 0 pak files mounted, 0 remain pending
[2019.06.20-19.01.35:715][  0]LogPakFile: Registered encryption key '00000000000000000000000000000000': 0 pak files mounted, 0 remain pending
[2019.06.20-19.01.35:826][  0]LogContentBrowser: Native class hierarchy updated for 'AddContentDialog' in 0.0003 seconds. Added 0 classes and 0 folders.
[2019.06.20-19.01.35:838][  0]LogContentBrowser: Native class hierarchy updated for 'SceneOutliner' in 0.0004 seconds. Added 1 classes and 2 folders.
[2019.06.20-19.01.37:882][  0]LogSlate: Only BGRA pngs, bmps or icos are supported in by External Image Picker
[2019.06.20-19.01.37:917][  0]LogSlate: Took 0.000381 seconds to synchronously load lazily loaded font '../../../Engine/Content/Slate/Fonts/Roboto-Regular.ttf' (155K)
[2019.06.20-19.01.37:919][  0]LogSlate: Took 0.000347 seconds to synchronously load lazily loaded font '../../../Engine/Content/Slate/Fonts/Roboto-Bold.ttf' (160K)
[2019.06.20-19.01.37:925][  0]LogSlate: Took 0.000938 seconds to synchronously load lazily loaded font '../../../Engine/Content/Editor/Slate/Fonts/FontAwesome.ttf' (139K)
[2019.06.20-19.01.38:031][  0]LogRenderer: Reallocating scene render targets to support 1208x572 Format 10 NumSamples 1 (Frame:1).
[2019.06.20-19.01.38:204][  0]LogContentBrowser: Native class hierarchy updated for 'HierarchicalLODOutliner' in 0.0004 seconds. Added 0 classes and 0 folders.
[2019.06.20-19.01.38:205][  0]LogLoad: (Engine Initialization) Total time: 17.83 seconds
[2019.06.20-19.01.38:205][  0]LogLoad: (Engine Initialization) Total Blueprint compile time: 0.00 seconds
[2019.06.20-19.01.38:274][  0]LogAssetRegistry: Asset discovery search completed in 10.2772 seconds
[2019.06.20-19.01.38:277][  0]LogCollectionManager: Rebuilt the object cache for 0 collections in 0.000000 seconds (found 0 objects)
[2019.06.20-19.01.38:277][  0]LogCollectionManager: Fixed up redirectors for 0 collections in 0.000046 seconds (updated 0 objects)
[2019.06.20-19.01.38:278][  0]LogContentStreaming: Texture pool size now 1000 MB
[2019.06.20-19.01.38:316][  0]LogSlate: Took 0.000978 seconds to synchronously load lazily loaded font '../../../Engine/Content/Slate/Fonts/Roboto-Light.ttf' (167K)
[2019.06.20-19.01.39:561][  4]LogSlate: Took 0.000370 seconds to synchronously load lazily loaded font '../../../Engine/Content/Slate/Fonts/Roboto-Light.ttf' (167K)
[2019.06.20-19.02.05:647][ 82]LogEditorViewport: Clicking on Actor (LMB): StaticMeshActor (Floor)
[2019.06.20-19.02.08:208][343]LogSlate: FSceneViewport::OnFocusLost() reason 0
[2019.06.20-19.26.17:197][691]LogSlate: FSceneViewport::OnFocusLost() reason 0
[2019.06.20-19.26.17:368][694]LogBlueprint: Warning: [Compiler AB_Knight] Node  Result  uses potentially thread-unsafe call  Try Get Pawn Owner . Disable threaded update or use a thread-safe call. Function may need BlueprintThreadSafe metadata adding.
[2019.06.20-19.26.17:369][694]LogBlueprint: Warning: [Compiler AB_Knight] Node  Result  uses potentially thread-unsafe call  Try Get Pawn Owner . Disable threaded update or use a thread-safe call. Function may need BlueprintThreadSafe metadata adding.
[2019.06.20-19.26.17:369][694]LogBlueprint: Warning: [Compiler AB_Knight] Node  Result  uses potentially thread-unsafe call  Get Movement Component . Disable threaded update or use a thread-safe call. Function may need BlueprintThreadSafe metadata adding.
[2019.06.20-19.26.17:369][694]LogBlueprint: Warning: [Compiler AB_Knight] Node  Result  uses potentially thread-unsafe call  Try Get Pawn Owner . Disable threaded update or use a thread-safe call. Function may need BlueprintThreadSafe metadata adding.
[2019.06.20-19.26.17:369][694]LogBlueprint: Warning: [Compiler AB_Knight] Node  Result  uses potentially thread-unsafe call  Try Get Pawn Owner . Disable threaded update or use a thread-safe call. Function may need BlueprintThreadSafe metadata adding.
[2019.06.20-19.26.17:369][694]LogBlueprint: Warning: [Compiler AB_Knight] Node  Result  uses potentially thread-unsafe call  Get Movement Component . Disable threaded update or use a thread-safe call. Function may need BlueprintThreadSafe metadata adding.
[2019.06.20-19.26.17:370][694]LogBlueprint: Warning: [Compiler AB_Knight] [1496.96] Compile of AB_Knight successful, but with 6 Warning(s) [in 15 ms] (/Game/Assets/Knight/AB_Knight.AB_Knight)
[2019.06.20-19.26.17:399][694]LogAssetEditorManager: Opening Asset editor for AnimBlueprint /Game/Assets/Knight/AB_Knight.AB_Knight
[2019.06.20-19.26.17:423][694]LogProperty: Warning: Serialized Class /Script/Engine.Skeleton for a property of Class /Script/Engine.SkeletalMesh. Reference will be nullptred.
    Property = SoftObjectProperty /Script/Engine.PhysicsAsset:PreviewSkeletalMesh
    Item = Skeleton /Game/Assets/Knight/Skeleton_KnightGirl.Skeleton_KnightGirl
[2019.06.20-19.26.17:455][694]LogContentBrowser: Native class hierarchy updated for 'SkeletonEditor' in 0.0004 seconds. Added 1 classes and 2 folders.
[2019.06.20-19.26.17:835][694]LogActorComponent: RegisterComponentWithWorld: (/Engine/Transient.World_3:PersistentLevel.AnimationEditorPreviewActor_0.DebugSkelMeshComponent_0) Already registered. Aborting.
[2019.06.20-19.26.17:835][694]LogScript: Warning: Accessed None trying to read property CallFunc_TryGetPawnOwner_ReturnValue
	AB_Knight_C /Engine/Transient.World_3:PersistentLevel.AnimationEditorPreviewActor_0.DebugSkelMeshComponent_0.AB_Knight_C_0
	Function /Game/Assets/Knight/AB_Knight.AB_Knight_C:ExecuteUbergraph_AB_Knight:010D
[2019.06.20-19.26.17:836][694]LogScript: Warning: Accessed None trying to read property CallFunc_GetMovementComponent_ReturnValue
	AB_Knight_C /Engine/Transient.World_3:PersistentLevel.AnimationEditorPreviewActor_0.DebugSkelMeshComponent_0.AB_Knight_C_0
	Function /Game/Assets/Knight/AB_Knight.AB_Knight_C:ExecuteUbergraph_AB_Knight:013B
[2019.06.20-19.26.17:842][694]LogContentBrowser: Native class hierarchy updated for 'PinnedCommandList' in 0.0004 seconds. Added 1 classes and 0 folders.
[2019.06.20-19.26.18:254][694]LogContentBrowser: Native class hierarchy updated for 'BlueprintGraph' in 0.0011 seconds. Added 121 classes and 0 folders.
[2019.06.20-19.26.19:217][694]LogSkeletalMesh: USkeletalMeshComponent::InitArticulated : Bodies already created (/Engine/Transient.World_3:PersistentLevel.AnimationEditorPreviewActor_0.DebugSkelMeshComponent_0) - call TermArticulated first.
[2019.06.20-19.26.19:560][694]LogScript: Warning: Accessed None trying to read property CallFunc_TryGetPawnOwner_ReturnValue
	AB_Knight_C /Engine/Transient.World_3:PersistentLevel.AnimationEditorPreviewActor_0.DebugSkelMeshComponent_0.AB_Knight_C_0
	Function /Game/Assets/Knight/AB_Knight.AB_Knight_C:ExecuteUbergraph_AB_Knight:010D
[2019.06.20-19.26.19:560][694]LogScript: Warning: Accessed None trying to read property CallFunc_GetMovementComponent_ReturnValue
	AB_Knight_C /Engine/Transient.World_3:PersistentLevel.AnimationEditorPreviewActor_0.DebugSkelMeshComponent_0.AB_Knight_C_0
	Function /Game/Assets/Knight/AB_Knight.AB_Knight_C:ExecuteUbergraph_AB_Knight:013B
[2019.06.20-19.26.19:594][694]LogScript: Warning: Accessed None trying to read property CallFunc_TryGetPawnOwner_ReturnValue
	AB_Knight_C /Engine/Transient.World_6:PersistentLevel.SkeletalMeshActor_0.SkeletalMeshComponent0.AB_Knight_C_0
	Function /Game/Assets/Knight/AB_Knight.AB_Knight_C:ExecuteUbergraph_AB_Knight:010D
[2019.06.20-19.26.19:594][694]LogScript: Warning: Accessed None trying to read property CallFunc_GetMovementComponent_ReturnValue
	AB_Knight_C /Engine/Transient.World_6:PersistentLevel.SkeletalMeshActor_0.SkeletalMeshComponent0.AB_Knight_C_0
	Function /Game/Assets/Knight/AB_Knight.AB_Knight_C:ExecuteUbergraph_AB_Knight:013B
[2019.06.20-19.26.19:613][694]LogSlate: Took 0.001054 seconds to synchronously load lazily loaded font '../../../Engine/Content/Slate/Fonts/Roboto-BoldCondensed.ttf' (158K)
[2019.06.20-19.26.19:808][695]LogScript: Warning: Accessed None trying to read property CallFunc_TryGetPawnOwner_ReturnValue
	AB_Knight_C /Engine/Transient.World_3:PersistentLevel.AnimationEditorPreviewActor_0.DebugSkelMeshComponent_0.AB_Knight_C_0
	Function /Game/Assets/Knight/AB_Knight.AB_Knight_C:ExecuteUbergraph_AB_Knight:010D
[2019.06.20-19.26.19:808][695]LogScript: Warning: Accessed None trying to read property CallFunc_GetMovementComponent_ReturnValue
	AB_Knight_C /Engine/Transient.World_3:PersistentLevel.AnimationEditorPreviewActor_0.DebugSkelMeshComponent_0.AB_Knight_C_0
	Function /Game/Assets/Knight/AB_Knight.AB_Knight_C:ExecuteUbergraph_AB_Knight:013B
[2019.06.20-19.26.19:888][696]LogScript: Warning: Accessed None trying to read property CallFunc_TryGetPawnOwner_ReturnValue
	AB_Knight_C /Engine/Transient.World_3:PersistentLevel.AnimationEditorPreviewActor_0.DebugSkelMeshComponent_0.AB_Knight_C_0
	Function /Game/Assets/Knight/AB_Knight.AB_Knight_C:ExecuteUbergraph_AB_Knight:010D
[2019.06.20-19.26.19:888][696]LogScript: Warning: Accessed None trying to read property CallFunc_GetMovementComponent_ReturnValue
	AB_Knight_C /Engine/Transient.World_3:PersistentLevel.AnimationEditorPreviewActor_0.DebugSkelMeshComponent_0.AB_Knight_C_0
	Function /Game/Assets/Knight/AB_Knight.AB_Knight_C:ExecuteUbergraph_AB_Knight:013B
[2019.06.20-19.26.19:922][697]LogScript: Warning: Accessed None trying to read property CallFunc_TryGetPawnOwner_ReturnValue
	AB_Knight_C /Engine/Transient.World_3:PersistentLevel.AnimationEditorPreviewActor_0.DebugSkelMeshComponent_0.AB_Knight_C_0
	Function /Game/Assets/Knight/AB_Knight.AB_Knight_C:ExecuteUbergraph_AB_Knight:010D
[2019.06.20-19.26.19:922][697]LogScript: Warning: Accessed None trying to read property CallFunc_GetMovementComponent_ReturnValue
	AB_Knight_C /Engine/Transient.World_3:PersistentLevel.AnimationEditorPreviewActor_0.DebugSkelMeshComponent_0.AB_Knight_C_0
	Function /Game/Assets/Knight/AB_Knight.AB_Knight_C:ExecuteUbergraph_AB_Knight:013B
[2019.06.20-19.26.19:944][698]LogScript: Warning: Accessed None trying to read property CallFunc_TryGetPawnOwner_ReturnValue
	AB_Knight_C /Engine/Transient.World_3:PersistentLevel.AnimationEditorPreviewActor_0.DebugSkelMeshComponent_0.AB_Knight_C_0
	Function /Game/Assets/Knight/AB_Knight.AB_Knight_C:ExecuteUbergraph_AB_Knight:010D
[2019.06.20-19.26.19:944][698]LogScript: Warning: Accessed None trying to read property CallFunc_GetMovementComponent_ReturnValue
	AB_Knight_C /Engine/Transient.World_3:PersistentLevel.AnimationEditorPreviewActor_0.DebugSkelMeshComponent_0.AB_Knight_C_0
	Function /Game/Assets/Knight/AB_Knight.AB_Knight_C:ExecuteUbergraph_AB_Knight:013B
[2019.06.20-19.26.19:965][699]LogScript: Warning: Accessed None trying to read property CallFunc_TryGetPawnOwner_ReturnValue
	AB_Knight_C /Engine/Transient.World_3:PersistentLevel.AnimationEditorPreviewActor_0.DebugSkelMeshComponent_0.AB_Knight_C_0
	Function /Game/Assets/Knight/AB_Knight.AB_Knight_C:ExecuteUbergraph_AB_Knight:010D
[2019.06.20-19.26.19:965][699]LogScript: Warning: Accessed None trying to read property CallFunc_GetMovementComponent_ReturnValue
	AB_Knight_C /Engine/Transient.World_3:PersistentLevel.AnimationEditorPreviewActor_0.DebugSkelMeshComponent_0.AB_Knight_C_0
	Function /Game/Assets/Knight/AB_Knight.AB_Knight_C:ExecuteUbergraph_AB_Knight:013B
[2019.06.20-19.26.19:995][700]LogScript: Warning: Accessed None trying to read property CallFunc_TryGetPawnOwner_ReturnValue
	AB_Knight_C /Engine/Transient.World_3:PersistentLevel.AnimationEditorPreviewActor_0.DebugSkelMeshComponent_0.AB_Knight_C_0
	Function /Game/Assets/Knight/AB_Knight.AB_Knight_C:ExecuteUbergraph_AB_Knight:010D
[2019.06.20-19.26.40:839][846]LogSlate: Window 'AB_Knight' being destroyed
[2019.06.20-19.27.21:164][576]LogAssetEditorManager: Opening Asset editor for Blueprint /Game/Blueprints/KGPlayerControllerBase.KGPlayerControllerBase
[2019.06.20-19.27.21:678][577]LogSlate: Took 0.000878 seconds to synchronously load lazily loaded font '../../../Engine/Content/Slate/Fonts/Roboto-Italic.ttf' (157K)
[2019.06.20-19.27.45:948][871]LogSavePackage: Moving '../../../../../../Users/dmann/Documents/UE4-SurvivalGame/SurvivalGame/Saved/KGPlayerControllerBase07506CDB4576F79984C6B8A421E7D7E5.tmp' to '../../../../../../Users/dmann/Documents/UE4-SurvivalGame/SurvivalGame/Content/Blueprints/KGPlayerControllerBase.uasset'
[2019.06.20-19.27.52:359][424]LogAssetEditorManager: Opening Asset editor for Blueprint /Game/Blueprints/KGCharacterBase.KGCharacterBase
[2019.06.20-19.28.58:692][695]Cmd: OBJ SAVEPACKAGE PACKAGE="/Game/Blueprints/KGCharacterBase" FILE="../../../../../../Users/dmann/Documents/UE4-SurvivalGame/SurvivalGame/Content/Blueprints/KGCharacterBase.uasset" SILENT=true
[2019.06.20-19.28.58:734][695]LogSavePackage: Moving '../../../../../../Users/dmann/Documents/UE4-SurvivalGame/SurvivalGame/Saved/KGCharacterBase6177786E4764D78296736BBE545E318B.tmp' to '../../../../../../Users/dmann/Documents/UE4-SurvivalGame/SurvivalGame/Content/Blueprints/KGCharacterBase.uasset'
[2019.06.20-19.28.59:541][782]BlueprintLog: New page: Compile KGCharacterBase
[2019.06.20-19.28.59:791][782]LogUObjectHash: Compacting FUObjectHashTables data took   4.53ms
[2019.06.20-19.29.00:338][839]Cmd: OBJ SAVEPACKAGE PACKAGE="/Game/Blueprints/KGCharacterBase" FILE="../../../../../../Users/dmann/Documents/UE4-SurvivalGame/SurvivalGame/Content/Blueprints/KGCharacterBase.uasset" SILENT=true
[2019.06.20-19.29.00:391][839]LogSavePackage: Moving '../../../../../../Users/dmann/Documents/UE4-SurvivalGame/SurvivalGame/Saved/KGCharacterBaseEF22018D4E3B02958F0144AC7962D5DA.tmp' to '../../../../../../Users/dmann/Documents/UE4-SurvivalGame/SurvivalGame/Content/Blueprints/KGCharacterBase.uasset'
[2019.06.20-19.29.06:448][464]LogAnimationCompression: Building Anim DDC data for AnimSequence /Game/Assets/Knight/Player_Attack_1.Player_Attack_1
[2019.06.20-19.29.06:448][464]LogAnimationCompression: Recompressing (AnimSequence /Game/Assets/Knight/Player_Attack_1.Player_Attack_1) using current/default (AnimCompress_BitwiseCompressOnly_0) bFirstRecompressUsingCurrentOrDefault(1) bTryAlternateCompressor(0) IsCompressedDataValid(0)
[2019.06.20-19.29.21:316][ 60]LogAssetEditorManager: Opening Asset editor for AnimMontage /Game/Assets/Knight/KnightAttackMontage.KnightAttackMontage
[2019.06.20-19.29.21:326][ 60]LogBlueprintActionDatabase: Requesting refresh due to module change: AnimationEditor (loaded)
[2019.06.20-19.29.21:334][ 60]LogActorComponent: RegisterComponentWithWorld: (/Engine/Transient.World_13:PersistentLevel.AnimationEditorPreviewActor_0.DebugSkelMeshComponent_0) Already registered. Aborting.
[2019.06.20-19.29.21:358][ 60]LogSkeletalMesh: USkeletalMeshComponent::InitArticulated : Bodies already created (/Engine/Transient.World_13:PersistentLevel.AnimationEditorPreviewActor_0.DebugSkelMeshComponent_0) - call TermArticulated first.
[2019.06.20-19.29.22:253][ 60]LogContentBrowser: Verbose: The majority of assets in the view are of type: AnimSequence
[2019.06.20-19.29.30:011][944]LogSlate: FSceneViewport::OnFocusLost() reason 2
[2019.06.20-19.29.30:044][944]LogSavePackage: Moving '../../../../../../Users/dmann/Documents/UE4-SurvivalGame/SurvivalGame/Saved/KnightAttackMontageA3EC594844B35825D12A2983D7C0BBE2.tmp' to '../../../../../../Users/dmann/Documents/UE4-SurvivalGame/SurvivalGame/Content/Assets/Knight/KnightAttackMontage.uasset'
[2019.06.20-19.29.43:805][498]Cmd: OBJ SAVEPACKAGE PACKAGE="/Game/Blueprints/KGCharacterBase" FILE="../../../../../../Users/dmann/Documents/UE4-SurvivalGame/SurvivalGame/Content/Blueprints/KGCharacterBase.uasset" SILENT=true
[2019.06.20-19.29.43:845][498]LogSavePackage: Moving '../../../../../../Users/dmann/Documents/UE4-SurvivalGame/SurvivalGame/Saved/KGCharacterBase34E3AC384D4AA6210BE193B8F6176034.tmp' to '../../../../../../Users/dmann/Documents/UE4-SurvivalGame/SurvivalGame/Content/Blueprints/KGCharacterBase.uasset'
[2019.06.20-19.30.25:464][727]BlueprintLog: New page: Compile KGPlayerControllerBase
[2019.06.20-19.30.25:470][727]LogBlueprint: Error: [Compiler KGPlayerControllerBase] This blueprint (self) is not a Character, therefore ' Target ' must have a connection.
[2019.06.20-19.30.25:781][727]LogUObjectHash: Compacting FUObjectHashTables data took   9.74ms
[2019.06.20-19.30.25:800][727]LogBlueprint: Warning: [Compiler KGPlayerControllerBase] [1745.38] Compile of KGPlayerControllerBase failed. 1 Fatal Issue(s) 0 Warning(s) [in 336 ms] (/Game/Blueprints/KGPlayerControllerBase.KGPlayerControllerBase)
[2019.06.20-19.30.25:876][728]BlueprintLog: New page: Compile KGPlayerControllerBase
[2019.06.20-19.30.25:882][728]LogBlueprint: Error: [Compiler KGPlayerControllerBase] This blueprint (self) is not a Character, therefore ' Target ' must have a connection.
[2019.06.20-19.30.26:175][728]LogUObjectHash: Compacting FUObjectHashTables data took   5.70ms
[2019.06.20-19.30.26:195][728]LogBlueprint: Warning: [Compiler KGPlayerControllerBase] [1745.78] Compile of KGPlayerControllerBase failed. 1 Fatal Issue(s) 0 Warning(s) [in 318 ms] (/Game/Blueprints/KGPlayerControllerBase.KGPlayerControllerBase)
[2019.06.20-19.30.26:756][774]LogSavePackage: Moving '../../../../../../Users/dmann/Documents/UE4-SurvivalGame/SurvivalGame/Saved/KGPlayerControllerBaseAF2E9E1F4B33991A56F293AD3B74C279.tmp' to '../../../../../../Users/dmann/Documents/UE4-SurvivalGame/SurvivalGame/Content/Blueprints/KGPlayerControllerBase.uasset'
[2019.06.20-19.33.07:347][ 73]Cmd: OBJ SAVEPACKAGE PACKAGE="/Game/Assets/Knight/AB_Knight" FILE="../../../../../../Users/dmann/Documents/UE4-SurvivalGame/SurvivalGame/Content/Assets/Knight/AB_Knight.uasset" SILENT=true
[2019.06.20-19.33.07:436][ 73]LogSavePackage: Moving '../../../../../../Users/dmann/Documents/UE4-SurvivalGame/SurvivalGame/Saved/AB_Knight1F38DB234B3076557BF1C8BDE98E4120.tmp' to '../../../../../../Users/dmann/Documents/UE4-SurvivalGame/SurvivalGame/Content/Assets/Knight/AB_Knight.uasset'
[2019.06.20-19.33.38:653][450]Cmd: OBJ SAVEPACKAGE PACKAGE="/Game/Assets/Knight/AB_Knight" FILE="../../../../../../Users/dmann/Documents/UE4-SurvivalGame/SurvivalGame/Content/Assets/Knight/AB_Knight.uasset" SILENT=true
[2019.06.20-19.33.38:761][450]LogSavePackage: Moving '../../../../../../Users/dmann/Documents/UE4-SurvivalGame/SurvivalGame/Saved/AB_Knight881EA3CE4C182D7C6EC1618A06B267C4.tmp' to '../../../../../../Users/dmann/Documents/UE4-SurvivalGame/SurvivalGame/Content/Assets/Knight/AB_Knight.uasset'
[2019.06.20-19.34.15:335][248]Cmd: OBJ SAVEPACKAGE PACKAGE="/Game/Assets/Knight/AB_Knight" FILE="../../../../../../Users/dmann/Documents/UE4-SurvivalGame/SurvivalGame/Content/Assets/Knight/AB_Knight.uasset" SILENT=true
[2019.06.20-19.34.15:426][248]LogSavePackage: Moving '../../../../../../Users/dmann/Documents/UE4-SurvivalGame/SurvivalGame/Saved/AB_Knight7CE57637468A6428BB99E7B69AA2C22D.tmp' to '../../../../../../Users/dmann/Documents/UE4-SurvivalGame/SurvivalGame/Content/Assets/Knight/AB_Knight.uasset'
[2019.06.20-19.34.28:574][384]Cmd: OBJ SAVEPACKAGE PACKAGE="/Game/Assets/Knight/AB_Knight" FILE="../../../../../../Users/dmann/Documents/UE4-SurvivalGame/SurvivalGame/Content/Assets/Knight/AB_Knight.uasset" SILENT=true
[2019.06.20-19.34.28:659][384]LogSavePackage: Moving '../../../../../../Users/dmann/Documents/UE4-SurvivalGame/SurvivalGame/Saved/AB_Knight064AB9664FCD2AAB2AB2B4837BC4F47C.tmp' to '../../../../../../Users/dmann/Documents/UE4-SurvivalGame/SurvivalGame/Content/Assets/Knight/AB_Knight.uasset'
[2019.06.20-19.34.54:319][424]BlueprintLog: New page: Compile AB_Knight
[2019.06.20-19.34.54:330][424]LogBlueprint: Warning: [Compiler AB_Knight] Node  Result  uses potentially thread-unsafe call  Try Get Pawn Owner . Disable threaded update or use a thread-safe call. Function may need BlueprintThreadSafe metadata adding.
[2019.06.20-19.34.54:330][424]LogBlueprint: Warning: [Compiler AB_Knight] Node  Result  uses potentially thread-unsafe call  Try Get Pawn Owner . Disable threaded update or use a thread-safe call. Function may need BlueprintThreadSafe metadata adding.
[2019.06.20-19.34.54:330][424]LogBlueprint: Warning: [Compiler AB_Knight] Node  Result  uses potentially thread-unsafe call  Get Movement Component . Disable threaded update or use a thread-safe call. Function may need BlueprintThreadSafe metadata adding.
[2019.06.20-19.34.54:330][424]LogBlueprint: Warning: [Compiler AB_Knight] Node  Result  uses potentially thread-unsafe call  Try Get Pawn Owner . Disable threaded update or use a thread-safe call. Function may need BlueprintThreadSafe metadata adding.
[2019.06.20-19.34.54:330][424]LogBlueprint: Warning: [Compiler AB_Knight] Node  Result  uses potentially thread-unsafe call  Try Get Pawn Owner . Disable threaded update or use a thread-safe call. Function may need BlueprintThreadSafe metadata adding.
[2019.06.20-19.34.54:331][424]LogBlueprint: Warning: [Compiler AB_Knight] Node  Result  uses potentially thread-unsafe call  Get Movement Component . Disable threaded update or use a thread-safe call. Function may need BlueprintThreadSafe metadata adding.
[2019.06.20-19.34.54:510][424]LogScript: Warning: Accessed None trying to read property CallFunc_TryGetPawnOwner_ReturnValue
	AB_Knight_C /Engine/Transient.World_3:PersistentLevel.AnimationEditorPreviewActor_0.DebugSkelMeshComponent_0.AB_Knight_C_1
	Function /Game/Assets/Knight/AB_Knight.AB_Knight_C:ExecuteUbergraph_AB_Knight:00EE
[2019.06.20-19.34.54:510][424]LogScript: Warning: Accessed None trying to read property CallFunc_GetMovementComponent_ReturnValue
	AB_Knight_C /Engine/Transient.World_3:PersistentLevel.AnimationEditorPreviewActor_0.DebugSkelMeshComponent_0.AB_Knight_C_1
	Function /Game/Assets/Knight/AB_Knight.AB_Knight_C:ExecuteUbergraph_AB_Knight:011C
[2019.06.20-19.34.54:510][424]LogScript: Warning: Accessed None trying to read property CallFunc_TryGetPawnOwner_ReturnValue
	AB_Knight_C /Engine/Transient.World_6:PersistentLevel.SkeletalMeshActor_0.SkeletalMeshComponent0.AB_Knight_C_1
	Function /Game/Assets/Knight/AB_Knight.AB_Knight_C:ExecuteUbergraph_AB_Knight:00EE
[2019.06.20-19.34.54:510][424]LogScript: Warning: Accessed None trying to read property CallFunc_GetMovementComponent_ReturnValue
	AB_Knight_C /Engine/Transient.World_6:PersistentLevel.SkeletalMeshActor_0.SkeletalMeshComponent0.AB_Knight_C_1
	Function /Game/Assets/Knight/AB_Knight.AB_Knight_C:ExecuteUbergraph_AB_Knight:011C
[2019.06.20-19.34.54:567][424]LogUObjectHash: Compacting FUObjectHashTables data took   4.81ms
[2019.06.20-19.34.54:573][424]LogBlueprint: Warning: [Compiler AB_Knight] [2014.15] Compile of AB_Knight successful, but with 6 Warning(s) [in 254 ms] (/Game/Assets/Knight/AB_Knight.AB_Knight)
[2019.06.20-19.34.54:618][426]LogScript: Warning: Accessed None trying to read property CallFunc_TryGetPawnOwner_ReturnValue
	AB_Knight_C /Engine/Transient.World_3:PersistentLevel.AnimationEditorPreviewActor_0.DebugSkelMeshComponent_0.AB_Knight_C_1
	Function /Game/Assets/Knight/AB_Knight.AB_Knight_C:ExecuteUbergraph_AB_Knight:00EE
[2019.06.20-19.34.54:618][426]LogScript: Warning: Accessed None trying to read property CallFunc_GetMovementComponent_ReturnValue
	AB_Knight_C /Engine/Transient.World_3:PersistentLevel.AnimationEditorPreviewActor_0.DebugSkelMeshComponent_0.AB_Knight_C_1
	Function /Game/Assets/Knight/AB_Knight.AB_Knight_C:ExecuteUbergraph_AB_Knight:011C
[2019.06.20-19.34.54:627][427]LogScript: Warning: Accessed None trying to read property CallFunc_TryGetPawnOwner_ReturnValue
	AB_Knight_C /Engine/Transient.World_3:PersistentLevel.AnimationEditorPreviewActor_0.DebugSkelMeshComponent_0.AB_Knight_C_1
	Function /Game/Assets/Knight/AB_Knight.AB_Knight_C:ExecuteUbergraph_AB_Knight:00EE
[2019.06.20-19.34.54:627][427]LogScript: Warning: Accessed None trying to read property CallFunc_GetMovementComponent_ReturnValue
	AB_Knight_C /Engine/Transient.World_3:PersistentLevel.AnimationEditorPreviewActor_0.DebugSkelMeshComponent_0.AB_Knight_C_1
	Function /Game/Assets/Knight/AB_Knight.AB_Knight_C:ExecuteUbergraph_AB_Knight:011C
[2019.06.20-19.34.54:636][428]LogScript: Warning: Accessed None trying to read property CallFunc_TryGetPawnOwner_ReturnValue
	AB_Knight_C /Engine/Transient.World_3:PersistentLevel.AnimationEditorPreviewActor_0.DebugSkelMeshComponent_0.AB_Knight_C_1
	Function /Game/Assets/Knight/AB_Knight.AB_Knight_C:ExecuteUbergraph_AB_Knight:00EE
[2019.06.20-19.34.54:636][428]LogScript: Warning: Accessed None trying to read property CallFunc_GetMovementComponent_ReturnValue
	AB_Knight_C /Engine/Transient.World_3:PersistentLevel.AnimationEditorPreviewActor_0.DebugSkelMeshComponent_0.AB_Knight_C_1
	Function /Game/Assets/Knight/AB_Knight.AB_Knight_C:ExecuteUbergraph_AB_Knight:011C
[2019.06.20-19.34.54:652][429]LogScript: Warning: Accessed None trying to read property CallFunc_TryGetPawnOwner_ReturnValue
	AB_Knight_C /Engine/Transient.World_3:PersistentLevel.AnimationEditorPreviewActor_0.DebugSkelMeshComponent_0.AB_Knight_C_1
	Function /Game/Assets/Knight/AB_Knight.AB_Knight_C:ExecuteUbergraph_AB_Knight:00EE
[2019.06.20-19.34.54:652][429]LogScript: Warning: Accessed None trying to read property CallFunc_GetMovementComponent_ReturnValue
	AB_Knight_C /Engine/Transient.World_3:PersistentLevel.AnimationEditorPreviewActor_0.DebugSkelMeshComponent_0.AB_Knight_C_1
	Function /Game/Assets/Knight/AB_Knight.AB_Knight_C:ExecuteUbergraph_AB_Knight:011C
[2019.06.20-19.34.54:665][430]LogScript: Warning: Accessed None trying to read property CallFunc_TryGetPawnOwner_ReturnValue
	AB_Knight_C /Engine/Transient.World_3:PersistentLevel.AnimationEditorPreviewActor_0.DebugSkelMeshComponent_0.AB_Knight_C_1
	Function /Game/Assets/Knight/AB_Knight.AB_Knight_C:ExecuteUbergraph_AB_Knight:00EE
[2019.06.20-19.34.54:665][430]LogScript: Warning: Accessed None trying to read property CallFunc_GetMovementComponent_ReturnValue
	AB_Knight_C /Engine/Transient.World_3:PersistentLevel.AnimationEditorPreviewActor_0.DebugSkelMeshComponent_0.AB_Knight_C_1
	Function /Game/Assets/Knight/AB_Knight.AB_Knight_C:ExecuteUbergraph_AB_Knight:011C
[2019.06.20-19.34.54:677][431]LogScript: Warning: Accessed None trying to read property CallFunc_TryGetPawnOwner_ReturnValue
	AB_Knight_C /Engine/Transient.World_3:PersistentLevel.AnimationEditorPreviewActor_0.DebugSkelMeshComponent_0.AB_Knight_C_1
	Function /Game/Assets/Knight/AB_Knight.AB_Knight_C:ExecuteUbergraph_AB_Knight:00EE
[2019.06.20-19.34.54:677][431]LogScript: Warning: Accessed None trying to read property CallFunc_GetMovementComponent_ReturnValue
	AB_Knight_C /Engine/Transient.World_3:PersistentLevel.AnimationEditorPreviewActor_0.DebugSkelMeshComponent_0.AB_Knight_C_1
	Function /Game/Assets/Knight/AB_Knight.AB_Knight_C:ExecuteUbergraph_AB_Knight:011C
[2019.06.20-19.34.54:688][432]LogScript: Warning: Accessed None trying to read property CallFunc_TryGetPawnOwner_ReturnValue
	AB_Knight_C /Engine/Transient.World_3:PersistentLevel.AnimationEditorPreviewActor_0.DebugSkelMeshComponent_0.AB_Knight_C_1
	Function /Game/Assets/Knight/AB_Knight.AB_Knight_C:ExecuteUbergraph_AB_Knight:00EE
[2019.06.20-19.34.55:259][490]Cmd: OBJ SAVEPACKAGE PACKAGE="/Game/Assets/Knight/AB_Knight" FILE="../../../../../../Users/dmann/Documents/UE4-SurvivalGame/SurvivalGame/Content/Assets/Knight/AB_Knight.uasset" SILENT=true
[2019.06.20-19.34.55:365][490]LogSavePackage: Moving '../../../../../../Users/dmann/Documents/UE4-SurvivalGame/SurvivalGame/Saved/AB_Knight7DCBE9C54EF155A4877CB2A188B6912A.tmp' to '../../../../../../Users/dmann/Documents/UE4-SurvivalGame/SurvivalGame/Content/Assets/Knight/AB_Knight.uasset'
[2019.06.20-19.34.56:207][561]LogUObjectHash: Compacting FUObjectHashTables data took   4.04ms
[2019.06.20-19.34.56:207][561]LogFileHelpers: Editor autosave (incl. sublevels) for '/Game/Maps/TestLevel' took 0.052
[2019.06.20-19.34.56:209][561]OBJ SavePackage: Generating thumbnails for [0] asset(s) in package [/Game/Assets/Knight/Skeleton_KnightGirl] ([1] browsable assets)...
[2019.06.20-19.34.56:209][561]OBJ SavePackage: Finished generating thumbnails for package [/Game/Assets/Knight/Skeleton_KnightGirl]
[2019.06.20-19.34.56:230][561]LogSavePackage: Moving '../../../../../../Users/dmann/Documents/UE4-SurvivalGame/SurvivalGame/Saved/Skeleton_KnightGirl_Auto129021C194CB22FE77408B39B45FF0B9E.tmp' to '../../../../../../Users/dmann/Documents/UE4-SurvivalGame/SurvivalGame/Saved/Autosaves/Game/Assets/Knight/Skeleton_KnightGirl_Auto1.uasset'
[2019.06.20-19.34.56:233][561]LogFileHelpers: Auto-saving content packages took 0.025
[2019.06.20-19.35.07:460][830]LogAssetEditorManager: Opening Asset editor for AnimMontage /Game/Assets/Knight/KnightAttackMontage.KnightAttackMontage
[2019.06.20-19.35.07:467][830]LogActorComponent: RegisterComponentWithWorld: (/Engine/Transient.World_15:PersistentLevel.AnimationEditorPreviewActor_0.DebugSkelMeshComponent_0) Already registered. Aborting.
[2019.06.20-19.35.07:491][830]LogSkeletalMesh: USkeletalMeshComponent::InitArticulated : Bodies already created (/Engine/Transient.World_15:PersistentLevel.AnimationEditorPreviewActor_0.DebugSkelMeshComponent_0) - call TermArticulated first.
[2019.06.20-19.35.07:807][830]LogContentBrowser: Verbose: The majority of assets in the view are of type: AnimSequence
[2019.06.20-19.35.50:070][556]LogSlate: FSceneViewport::OnFocusLost() reason 2
[2019.06.20-19.35.50:120][556]LogSavePackage: Moving '../../../../../../Users/dmann/Documents/UE4-SurvivalGame/SurvivalGame/Saved/KnightAttackMontage2A3ECD9C4D7BD82FAD60C7B403810876.tmp' to '../../../../../../Users/dmann/Documents/UE4-SurvivalGame/SurvivalGame/Content/Assets/Knight/KnightAttackMontage.uasset'
[2019.06.20-19.35.53:443][916]LogTemp: Repeating last play command: Selected Viewport
[2019.06.20-19.35.53:464][916]LogBlueprintUserMessages: Early PlayInEditor Detection: Level '/Game/Maps/TestLevel.TestLevel:PersistentLevel' has LevelScriptBlueprint '/Game/Maps/TestLevel.TestLevel:PersistentLevel.TestLevel' with GeneratedClass '/Game/Maps/TestLevel.TestLevel_C' with ClassGeneratedBy '/Game/Maps/TestLevel.TestLevel:PersistentLevel.TestLevel'
[2019.06.20-19.35.53:465][916]BlueprintLog: New page: Pre-Play auto-recompile
[2019.06.20-19.35.53:475][916]LogPlayLevel: [PlayLevel] Compiling KGCharacterBase before play...
[2019.06.20-19.35.53:723][916]LogUObjectHash: Compacting FUObjectHashTables data took   4.36ms
[2019.06.20-19.35.53:723][916]LogPlayLevel: PlayLevel: Blueprint regeneration took 258 ms (1 blueprints)
[2019.06.20-19.35.55:884][916]LogSlate: Window 'Message' being destroyed
[2019.06.20-19.36.00:037][361]LogTemp: Repeating last play command: Selected Viewport
[2019.06.20-19.36.00:068][361]LogBlueprintUserMessages: Early PlayInEditor Detection: Level '/Game/Maps/TestLevel.TestLevel:PersistentLevel' has LevelScriptBlueprint '/Game/Maps/TestLevel.TestLevel:PersistentLevel.TestLevel' with GeneratedClass '/Game/Maps/TestLevel.TestLevel_C' with ClassGeneratedBy '/Game/Maps/TestLevel.TestLevel:PersistentLevel.TestLevel'
[2019.06.20-19.36.00:068][361]LogPlayLevel: PlayLevel: No blueprints needed recompiling
[2019.06.20-19.36.03:283][361]LogSlate: Window 'Message' being destroyed
[2019.06.20-19.36.15:535][738]LogSavePackage: Moving '../../../../../../Users/dmann/Documents/UE4-SurvivalGame/SurvivalGame/Saved/KGPlayerControllerBase15AD527C48F620CA35243E8385B56C94.tmp' to '../../../../../../Users/dmann/Documents/UE4-SurvivalGame/SurvivalGame/Content/Blueprints/KGPlayerControllerBase.uasset'
[2019.06.20-19.36.16:430][833]BlueprintLog: New page: Compile KGPlayerControllerBase
[2019.06.20-19.36.16:690][833]LogUObjectHash: Compacting FUObjectHashTables data took   3.72ms
[2019.06.20-19.36.17:726][941]LogSavePackage: Moving '../../../../../../Users/dmann/Documents/UE4-SurvivalGame/SurvivalGame/Saved/KGPlayerControllerBase84E1A72D44984DF3C2D493B8EC8493DE.tmp' to '../../../../../../Users/dmann/Documents/UE4-SurvivalGame/SurvivalGame/Content/Blueprints/KGPlayerControllerBase.uasset'
[2019.06.20-19.36.19:132][ 80]LogTemp: Repeating last play command: Selected Viewport
[2019.06.20-19.36.19:154][ 80]LogBlueprintUserMessages: Early PlayInEditor Detection: Level '/Game/Maps/TestLevel.TestLevel:PersistentLevel' has LevelScriptBlueprint '/Game/Maps/TestLevel.TestLevel:PersistentLevel.TestLevel' with GeneratedClass '/Game/Maps/TestLevel.TestLevel_C' with ClassGeneratedBy '/Game/Maps/TestLevel.TestLevel:PersistentLevel.TestLevel'
[2019.06.20-19.36.19:154][ 80]LogPlayLevel: PlayLevel: No blueprints needed recompiling
[2019.06.20-19.36.19:155][ 80]PIE: New page: PIE session: TestLevel (Jun 20, 2019, 5:36:19 AM)
[2019.06.20-19.36.19:170][ 80]LogPlayLevel: Creating play world package: /Game/Maps/UEDPIE_0_TestLevel
[2019.06.20-19.36.19:176][ 80]LogPlayLevel: PIE: StaticDuplicateObject took: (0.005266s)
[2019.06.20-19.36.19:177][ 80]LogAIModule: Creating AISystem for world TestLevel
[2019.06.20-19.36.19:177][ 80]LogPlayLevel: PIE: World Init took: (0.001375s)
[2019.06.20-19.36.19:177][ 80]LogPlayLevel: PIE: Created PIE world by copying editor world from /Game/Maps/TestLevel.TestLevel to /Game/Maps/UEDPIE_0_TestLevel.TestLevel (0.007130s)
[2019.06.20-19.36.19:233][ 80]LogUObjectHash: Compacting FUObjectHashTables data took   8.90ms
[2019.06.20-19.36.19:242][ 80]LogInit: XAudio2 using 'Speakers / Headphones (Realtek Audio)' : 2 channels at 48 kHz using 32 bits per sample (channel mask 0x3)
[2019.06.20-19.36.19:277][ 80]LogInit: FAudioDevice initialized.
[2019.06.20-19.36.19:339][ 80]LogLoad: Game class is 'KGGameMode_C'
[2019.06.20-19.36.19:340][ 80]LogWorld: Bringing World /Game/Maps/UEDPIE_0_TestLevel.TestLevel up for play (max tick rate 0) at 2019.06.20-12.36.19
[2019.06.20-19.36.19:341][ 80]LogWorld: Bringing up level for play took: 0.000772
[2019.06.20-19.36.19:361][ 80]LogBlueprintActionDatabase: Requesting refresh due to module change: Voice (loaded)
[2019.06.20-19.36.19:369][ 80]LogBlueprintActionDatabase: Requesting refresh due to module change: MovieSceneCapture (loaded)
[2019.06.20-19.36.19:370][ 80]LogContentBrowser: Native class hierarchy updated for 'MovieSceneCapture' in 0.0004 seconds. Added 20 classes and 0 folders.
[2019.06.20-19.36.19:372][ 80]PIE: Play in editor start time for /Game/Maps/UEDPIE_0_TestLevel -0.384
[2019.06.20-19.36.19:372][ 80]LogBlueprintUserMessages: Late PlayInEditor Detection: Level '/Game/Maps/TestLevel.TestLevel:PersistentLevel' has LevelScriptBlueprint '/Game/Maps/TestLevel.TestLevel:PersistentLevel.TestLevel' with GeneratedClass '/Game/Maps/TestLevel.TestLevel_C' with ClassGeneratedBy '/Game/Maps/TestLevel.TestLevel:PersistentLevel.TestLevel'
